{"meta": {"format": 3, "version": "7.13.4", "timestamp": "2026-04-24T10:43:27.363237", "branch_coverage": false, "show_contexts": false}, "files": {"bridge/__init__.py": {"executed_lines": [], "summary": {"covered_lines": 0, "num_statements": 0, "percent_covered": 100.0, "percent_covered_display": "100", "missing_lines": 0, "excluded_lines": 0, "percent_statements_covered": 100.0, "percent_statements_covered_display": "100"}, "missing_lines": [], "excluded_lines": [], "functions": {"": {"executed_lines": [], "summary": {"covered_lines": 0, "num_statements": 0, "percent_covered": 100.0, "percent_covered_display": "100", "missing_lines": 0, "excluded_lines": 0, "percent_statements_covered": 100.0, "percent_statements_covered_display": "100"}, "missing_lines": [], "excluded_lines": [], "start_line": 1}}, "classes": {"": {"executed_lines": [], "summary": {"covered_lines": 0, "num_statements": 0, "percent_covered": 100.0, "percent_covered_display": "100", "missing_lines": 0, "excluded_lines": 0, "percent_statements_covered": 100.0, "percent_statements_covered_display": "100"}, "missing_lines": [], "excluded_lines": [], "start_line": 1}}}, "bridge/bike_bridge.py": {"executed_lines": [55, 56, 57, 58, 59, 60, 61, 62, 63, 65, 66, 70, 74, 75, 76, 77, 82, 91, 92, 93, 95, 100, 101, 104, 105, 106, 109, 112, 135, 150, 151, 152, 153, 154, 155, 156, 157, 158, 159, 161, 162, 164, 165, 166, 167, 168, 170, 181, 182, 183, 186, 193, 196, 197, 198, 199, 200, 201, 202, 203, 205, 209, 218, 219, 220, 222, 236, 237, 238, 239, 240, 241, 242, 243, 245, 248, 249, 250, 252, 254, 256, 257, 258, 259, 260, 264, 265, 270, 271, 272, 273, 274, 275, 276, 281, 282, 283, 285, 294, 301, 302, 303, 307, 309, 310, 311, 312, 316, 317, 318, 319, 326, 327, 328, 329, 330, 332, 333, 334, 336, 337, 338, 343, 345, 353, 354, 355, 356, 357, 358, 359, 360, 364, 365, 382, 385, 386, 388, 390, 391, 395, 396, 400, 402, 403, 406, 407, 408, 409, 413, 415, 421, 422, 428, 429, 430, 432, 433, 434, 440, 456, 457, 458, 461, 462, 465, 466, 467, 468, 469, 475, 490, 491, 496, 497, 501, 638, 639, 640, 653, 659, 660, 661, 662, 663, 665, 666, 667, 668, 669, 670, 671, 672, 674, 681, 682, 683, 684, 685, 688, 690, 691, 692, 693, 696, 701, 707, 713, 719, 725, 730, 735, 742, 745, 747, 748, 753, 756, 757, 758, 759, 761, 765, 777, 778, 779, 780, 781, 782, 787, 790], "summary": {"covered_lines": 231, "num_statements": 362, "percent_covered": 63.812154696132595, "percent_covered_display": "64", "missing_lines": 131, "excluded_lines": 0, "percent_statements_covered": 63.812154696132595, "percent_statements_covered_display": "64"}, "missing_lines": [67, 68, 78, 79, 210, 211, 214, 215, 266, 267, 277, 278, 304, 305, 339, 340, 366, 367, 392, 393, 397, 398, 410, 411, 435, 436, 476, 482, 483, 486, 487, 504, 505, 506, 507, 508, 509, 511, 512, 513, 515, 520, 521, 523, 528, 529, 533, 534, 535, 536, 538, 539, 540, 541, 542, 544, 545, 546, 548, 555, 556, 557, 558, 559, 561, 562, 563, 564, 565, 568, 569, 570, 571, 572, 573, 574, 575, 576, 577, 578, 579, 580, 582, 583, 584, 586, 587, 588, 589, 590, 591, 592, 593, 597, 599, 600, 601, 602, 604, 611, 612, 613, 614, 615, 616, 619, 620, 621, 622, 623, 625, 627, 628, 630, 631, 632, 633, 634, 636, 641, 642, 645, 646, 647, 648, 649, 650, 651, 664, 760, 791], "excluded_lines": [], "functions": {"MockCyclingData.__init__": {"executed_lines": [92, 93], "summary": {"covered_lines": 2, "num_statements": 2, "percent_covered": 100.0, "percent_covered_display": "100", "missing_lines": 0, "excluded_lines": 0, "percent_statements_covered": 100.0, "percent_statements_covered_display": "100"}, "missing_lines": [], "excluded_lines": [], "start_line": 91}, "MockCyclingData.get_binary_frame": {"executed_lines": [100, 101, 104, 105, 106, 109], "summary": {"covered_lines": 6, "num_statements": 6, "percent_covered": 100.0, "percent_covered_display": "100", "missing_lines": 0, "excluded_lines": 0, "percent_statements_covered": 100.0, "percent_statements_covered_display": "100"}, "missing_lines": [], "excluded_lines": [], "start_line": 95}, "WahooBridgeServer.__init__": {"executed_lines": [150, 151, 152, 153, 154, 155, 156, 157, 158, 159, 161, 162, 164, 165, 166, 167, 168], "summary": {"covered_lines": 17, "num_statements": 17, "percent_covered": 100.0, "percent_covered_display": "100", "missing_lines": 0, "excluded_lines": 0, "percent_statements_covered": 100.0, "percent_statements_covered_display": "100"}, "missing_lines": [], "excluded_lines": [], "start_line": 135}, "WahooBridgeServer.register": {"executed_lines": [181, 182, 183, 186, 193, 196, 197, 198, 199, 200, 201, 202, 203, 205, 209, 218, 219, 220], "summary": {"covered_lines": 18, "num_statements": 22, "percent_covered": 81.81818181818181, "percent_covered_display": "82", "missing_lines": 4, "excluded_lines": 0, "percent_statements_covered": 81.81818181818181, "percent_statements_covered_display": "82"}, "missing_lines": [210, 211, 214, 215], "excluded_lines": [], "start_line": 170}, "WahooBridgeServer.broadcast_loop": {"executed_lines": [236, 237, 238, 239, 240, 241, 242, 243, 245, 248, 249, 250, 252, 254, 256, 257, 258, 259, 260, 264, 265, 270, 271, 272, 273, 274, 275, 276, 281, 282, 283], "summary": {"covered_lines": 31, "num_statements": 35, "percent_covered": 88.57142857142857, "percent_covered_display": "89", "missing_lines": 4, "excluded_lines": 0, "percent_statements_covered": 88.57142857142857, "percent_statements_covered_display": "89"}, "missing_lines": [266, 267, 277, 278], "excluded_lines": [], "start_line": 222}, "WahooBridgeServer.start": {"executed_lines": [294, 301, 302, 303, 307, 309, 310, 311, 312, 316, 317, 318, 319, 326, 327, 328, 329, 330, 332, 333, 334, 336, 337, 338], "summary": {"covered_lines": 24, "num_statements": 28, "percent_covered": 85.71428571428571, "percent_covered_display": "86", "missing_lines": 4, "excluded_lines": 0, "percent_statements_covered": 85.71428571428571, "percent_statements_covered_display": "86"}, "missing_lines": [304, 305, 339, 340], "excluded_lines": [], "start_line": 285}, "WahooBridgeServer.broadcast_json": {"executed_lines": [353, 354, 355, 356, 357, 358, 359, 360, 364, 365], "summary": {"covered_lines": 10, "num_statements": 12, "percent_covered": 83.33333333333333, "percent_covered_display": "83", "missing_lines": 2, "excluded_lines": 0, "percent_statements_covered": 83.33333333333333, "percent_statements_covered_display": "83"}, "missing_lines": [366, 367], "excluded_lines": [], "start_line": 345}, "WahooBridgeServer._UDPProtocol.__init__": {"executed_lines": [386], "summary": {"covered_lines": 1, "num_statements": 1, "percent_covered": 100.0, "percent_covered_display": "100", "missing_lines": 0, "excluded_lines": 0, "percent_statements_covered": 100.0, "percent_statements_covered_display": "100"}, "missing_lines": [], "excluded_lines": [], "start_line": 385}, "WahooBridgeServer._UDPProtocol.datagram_received": {"executed_lines": [390, 391, 395, 396], "summary": {"covered_lines": 4, "num_statements": 8, "percent_covered": 50.0, "percent_covered_display": "50", "missing_lines": 4, "excluded_lines": 0, "percent_statements_covered": 50.0, "percent_statements_covered_display": "50"}, "missing_lines": [392, 393, 397, 398], "excluded_lines": [], "start_line": 388}, "WahooBridgeServer._UDPProtocol._handle": {"executed_lines": [402, 403, 406, 407, 408, 409, 413, 415, 421, 422, 428, 429, 430, 432, 433, 434], "summary": {"covered_lines": 16, "num_statements": 20, "percent_covered": 80.0, "percent_covered_display": "80", "missing_lines": 4, "excluded_lines": 0, "percent_statements_covered": 80.0, "percent_statements_covered_display": "80"}, "missing_lines": [410, 411, 435, 436], "excluded_lines": [], "start_line": 400}, "WahooBridgeServer._start_ble": {"executed_lines": [456, 457, 458, 461, 462, 465, 466, 467, 468, 469, 475, 490, 491, 496, 497, 501, 638, 639, 640], "summary": {"covered_lines": 19, "num_statements": 106, "percent_covered": 17.92452830188679, "percent_covered_display": "18", "missing_lines": 87, "excluded_lines": 0, "percent_statements_covered": 17.92452830188679, "percent_statements_covered_display": "18"}, "missing_lines": [476, 482, 483, 486, 487, 504, 505, 506, 507, 508, 509, 511, 512, 513, 515, 520, 521, 523, 528, 538, 539, 540, 541, 542, 544, 545, 546, 548, 568, 569, 570, 571, 572, 573, 574, 575, 576, 577, 578, 579, 580, 582, 583, 584, 586, 587, 588, 589, 590, 591, 592, 593, 597, 599, 600, 601, 602, 604, 611, 612, 613, 614, 615, 616, 619, 620, 621, 622, 623, 625, 627, 628, 630, 631, 632, 633, 634, 636, 641, 642, 645, 646, 647, 648, 649, 650, 651], "excluded_lines": [], "start_line": 440}, "WahooBridgeServer._start_ble._on_disc": {"executed_lines": [], "summary": {"covered_lines": 0, "num_statements": 5, "percent_covered": 0.0, "percent_covered_display": "0", "missing_lines": 5, "excluded_lines": 0, "percent_statements_covered": 0.0, "percent_statements_covered_display": "0"}, "missing_lines": [529, 533, 534, 535, 536], "excluded_lines": [], "start_line": 528}, "WahooBridgeServer._start_ble.hr_handler": {"executed_lines": [], "summary": {"covered_lines": 0, "num_statements": 10, "percent_covered": 0.0, "percent_covered_display": "0", "missing_lines": 10, "excluded_lines": 0, "percent_statements_covered": 0.0, "percent_statements_covered_display": "0"}, "missing_lines": [555, 556, 557, 558, 559, 561, 562, 563, 564, 565], "excluded_lines": [], "start_line": 548}, "WahooBridgeServer.ping_loop": {"executed_lines": [659, 660, 661, 662, 663, 665, 666, 667, 668, 669, 670, 671, 672], "summary": {"covered_lines": 13, "num_statements": 14, "percent_covered": 92.85714285714286, "percent_covered_display": "93", "missing_lines": 1, "excluded_lines": 0, "percent_statements_covered": 92.85714285714286, "percent_statements_covered_display": "93"}, "missing_lines": [664], "excluded_lines": [], "start_line": 653}, "WahooBridgeServer.spawn_loop": {"executed_lines": [681, 682, 683, 684, 685], "summary": {"covered_lines": 5, "num_statements": 5, "percent_covered": 100.0, "percent_covered_display": "100", "missing_lines": 0, "excluded_lines": 0, "percent_statements_covered": 100.0, "percent_statements_covered_display": "100"}, "missing_lines": [], "excluded_lines": [], "start_line": 674}, "parse_args": {"executed_lines": [690, 691, 692, 693, 696, 701, 707, 713, 719, 725, 730, 735, 742], "summary": {"covered_lines": 13, "num_statements": 13, "percent_covered": 100.0, "percent_covered_display": "100", "missing_lines": 0, "excluded_lines": 0, "percent_statements_covered": 100.0, "percent_statements_covered_display": "100"}, "missing_lines": [], "excluded_lines": [], "start_line": 688}, "main": {"executed_lines": [747, 748, 753, 756, 757, 758, 759, 761, 765, 777, 778, 779, 780, 781, 782, 787], "summary": {"covered_lines": 16, "num_statements": 17, "percent_covered": 94.11764705882354, "percent_covered_display": "94", "missing_lines": 1, "excluded_lines": 0, "percent_statements_covered": 94.11764705882354, "percent_statements_covered_display": "94"}, "missing_lines": [760], "excluded_lines": [], "start_line": 745}, "": {"executed_lines": [55, 56, 57, 58, 59, 60, 61, 62, 63, 65, 66, 70, 74, 75, 76, 77, 82, 91, 95, 112, 135, 170, 222, 285, 343, 345, 382, 385, 388, 400, 440, 653, 674, 688, 745, 790], "summary": {"covered_lines": 36, "num_statements": 41, "percent_covered": 87.8048780487805, "percent_covered_display": "88", "missing_lines": 5, "excluded_lines": 0, "percent_statements_covered": 87.8048780487805, "percent_statements_covered_display": "88"}, "missing_lines": [67, 68, 78, 79, 791], "excluded_lines": [], "start_line": 1}}, "classes": {"MockCyclingData": {"executed_lines": [92, 93, 100, 101, 104, 105, 106, 109], "summary": {"covered_lines": 8, "num_statements": 8, "percent_covered": 100.0, "percent_covered_display": "100", "missing_lines": 0, "excluded_lines": 0, "percent_statements_covered": 100.0, "percent_statements_covered_display": "100"}, "missing_lines": [], "excluded_lines": [], "start_line": 82}, "WahooBridgeServer": {"executed_lines": [150, 151, 152, 153, 154, 155, 156, 157, 158, 159, 161, 162, 164, 165, 166, 167, 168, 181, 182, 183, 186, 193, 196, 197, 198, 199, 200, 201, 202, 203, 205, 209, 218, 219, 220, 236, 237, 238, 239, 240, 241, 242, 243, 245, 248, 249, 250, 252, 254, 256, 257, 258, 259, 260, 264, 265, 270, 271, 272, 273, 274, 275, 276, 281, 282, 283, 294, 301, 302, 303, 307, 309, 310, 311, 312, 316, 317, 318, 319, 326, 327, 328, 329, 330, 332, 333, 334, 336, 337, 338, 353, 354, 355, 356, 357, 358, 359, 360, 364, 365, 456, 457, 458, 461, 462, 465, 466, 467, 468, 469, 475, 490, 491, 496, 497, 501, 638, 639, 640, 659, 660, 661, 662, 663, 665, 666, 667, 668, 669, 670, 671, 672, 681, 682, 683, 684, 685], "summary": {"covered_lines": 137, "num_statements": 254, "percent_covered": 53.93700787401575, "percent_covered_display": "54", "missing_lines": 117, "excluded_lines": 0, "percent_statements_covered": 53.93700787401575, "percent_statements_covered_display": "54"}, "missing_lines": [210, 211, 214, 215, 266, 267, 277, 278, 304, 305, 339, 340, 366, 367, 476, 482, 483, 486, 487, 504, 505, 506, 507, 508, 509, 511, 512, 513, 515, 520, 521, 523, 528, 529, 533, 534, 535, 536, 538, 539, 540, 541, 542, 544, 545, 546, 548, 555, 556, 557, 558, 559, 561, 562, 563, 564, 565, 568, 569, 570, 571, 572, 573, 574, 575, 576, 577, 578, 579, 580, 582, 583, 584, 586, 587, 588, 589, 590, 591, 592, 593, 597, 599, 600, 601, 602, 604, 611, 612, 613, 614, 615, 616, 619, 620, 621, 622, 623, 625, 627, 628, 630, 631, 632, 633, 634, 636, 641, 642, 645, 646, 647, 648, 649, 650, 651, 664], "excluded_lines": [], "start_line": 112}, "WahooBridgeServer._UDPProtocol": {"executed_lines": [386, 390, 391, 395, 396, 402, 403, 406, 407, 408, 409, 413, 415, 421, 422, 428, 429, 430, 432, 433, 434], "summary": {"covered_lines": 21, "num_statements": 29, "percent_covered": 72.41379310344827, "percent_covered_display": "72", "missing_lines": 8, "excluded_lines": 0, "percent_statements_covered": 72.41379310344827, "percent_statements_covered_display": "72"}, "missing_lines": [392, 393, 397, 398, 410, 411, 435, 436], "excluded_lines": [], "start_line": 382}, "": {"executed_lines": [55, 56, 57, 58, 59, 60, 61, 62, 63, 65, 66, 70, 74, 75, 76, 77, 82, 91, 95, 112, 135, 170, 222, 285, 343, 345, 382, 385, 388, 400, 440, 653, 674, 688, 690, 691, 692, 693, 696, 701, 707, 713, 719, 725, 730, 735, 742, 745, 747, 748, 753, 756, 757, 758, 759, 761, 765, 777, 778, 779, 780, 781, 782, 787, 790], "summary": {"covered_lines": 65, "num_statements": 71, "percent_covered": 91.54929577464789, "percent_covered_display": "92", "missing_lines": 6, "excluded_lines": 0, "percent_statements_covered": 91.54929577464789, "percent_statements_covered_display": "92"}, "missing_lines": [67, 68, 78, 79, 760, 791], "excluded_lines": [], "start_line": 1}}}, "bridge/ble_test_connect.py": {"executed_lines": [], "summary": {"covered_lines": 0, "num_statements": 155, "percent_covered": 0.0, "percent_covered_display": "0", "missing_lines": 155, "excluded_lines": 0, "percent_statements_covered": 0.0, "percent_statements_covered_display": "0"}, "missing_lines": [10, 11, 12, 13, 15, 16, 17, 18, 19, 20, 22, 25, 26, 27, 28, 29, 30, 31, 33, 36, 37, 39, 40, 41, 42, 43, 44, 46, 47, 48, 49, 51, 52, 53, 54, 59, 60, 61, 62, 64, 65, 66, 68, 69, 70, 72, 73, 75, 76, 77, 78, 79, 80, 81, 82, 83, 84, 85, 86, 87, 88, 89, 91, 92, 93, 94, 96, 97, 98, 99, 100, 102, 103, 104, 105, 107, 110, 111, 112, 114, 116, 117, 118, 119, 120, 121, 123, 125, 126, 127, 129, 132, 143, 144, 145, 146, 147, 148, 149, 151, 152, 153, 154, 155, 156, 157, 158, 159, 160, 161, 162, 163, 164, 165, 166, 169, 173, 174, 175, 176, 177, 178, 179, 180, 181, 184, 185, 186, 187, 188, 189, 190, 191, 194, 195, 196, 198, 200, 202, 203, 205, 206, 207, 210, 211, 212, 213, 214, 215, 216, 217, 219, 224, 227, 228], "excluded_lines": [], "functions": {"list_devices": {"executed_lines": [], "summary": {"covered_lines": 0, "num_statements": 7, "percent_covered": 0.0, "percent_covered_display": "0", "missing_lines": 7, "excluded_lines": 0, "percent_statements_covered": 0.0, "percent_statements_covered_display": "0"}, "missing_lines": [26, 27, 28, 29, 30, 31, 33], "excluded_lines": [], "start_line": 25}, "connect_and_subscribe": {"executed_lines": [], "summary": {"covered_lines": 0, "num_statements": 14, "percent_covered": 0.0, "percent_covered_display": "0", "missing_lines": 14, "excluded_lines": 0, "percent_statements_covered": 0.0, "percent_statements_covered_display": "0"}, "missing_lines": [37, 39, 51, 116, 117, 118, 119, 120, 121, 123, 125, 126, 127, 129], "excluded_lines": [], "start_line": 36}, "connect_and_subscribe.hr_handler": {"executed_lines": [], "summary": {"covered_lines": 0, "num_statements": 9, "percent_covered": 0.0, "percent_covered_display": "0", "missing_lines": 9, "excluded_lines": 0, "percent_statements_covered": 0.0, "percent_statements_covered_display": "0"}, "missing_lines": [40, 41, 42, 43, 44, 46, 47, 48, 49], "excluded_lines": [], "start_line": 39}, "connect_and_subscribe._run": {"executed_lines": [], "summary": {"covered_lines": 0, "num_statements": 48, "percent_covered": 0.0, "percent_covered_display": "0", "missing_lines": 48, "excluded_lines": 0, "percent_statements_covered": 0.0, "percent_statements_covered_display": "0"}, "missing_lines": [52, 53, 54, 59, 60, 61, 62, 64, 65, 66, 68, 69, 70, 72, 73, 75, 76, 77, 78, 79, 80, 81, 82, 83, 84, 85, 86, 87, 88, 89, 91, 92, 93, 94, 96, 97, 98, 99, 100, 102, 103, 104, 105, 107, 110, 111, 112, 114], "excluded_lines": [], "start_line": 51}, "connect_with_retry": {"executed_lines": [], "summary": {"covered_lines": 0, "num_statements": 23, "percent_covered": 0.0, "percent_covered_display": "0", "missing_lines": 23, "excluded_lines": 0, "percent_statements_covered": 0.0, "percent_statements_covered_display": "0"}, "missing_lines": [143, 144, 145, 146, 147, 148, 149, 151, 152, 153, 154, 155, 156, 157, 158, 159, 160, 161, 162, 163, 164, 165, 166], "excluded_lines": [], "start_line": 132}, "find_address_by_name": {"executed_lines": [], "summary": {"covered_lines": 0, "num_statements": 9, "percent_covered": 0.0, "percent_covered_display": "0", "missing_lines": 9, "excluded_lines": 0, "percent_statements_covered": 0.0, "percent_statements_covered_display": "0"}, "missing_lines": [173, 174, 175, 176, 177, 178, 179, 180, 181], "excluded_lines": [], "start_line": 169}, "parse_args": {"executed_lines": [], "summary": {"covered_lines": 0, "num_statements": 7, "percent_covered": 0.0, "percent_covered_display": "0", "missing_lines": 7, "excluded_lines": 0, "percent_statements_covered": 0.0, "percent_statements_covered_display": "0"}, "missing_lines": [185, 186, 187, 188, 189, 190, 191], "excluded_lines": [], "start_line": 184}, "main": {"executed_lines": [], "summary": {"covered_lines": 0, "num_statements": 19, "percent_covered": 0.0, "percent_covered_display": "0", "missing_lines": 19, "excluded_lines": 0, "percent_statements_covered": 0.0, "percent_statements_covered_display": "0"}, "missing_lines": [195, 196, 198, 200, 202, 203, 205, 206, 207, 210, 211, 212, 213, 214, 215, 216, 217, 219, 224], "excluded_lines": [], "start_line": 194}, "": {"executed_lines": [], "summary": {"covered_lines": 0, "num_statements": 19, "percent_covered": 0.0, "percent_covered_display": "0", "missing_lines": 19, "excluded_lines": 0, "percent_statements_covered": 0.0, "percent_statements_covered_display": "0"}, "missing_lines": [10, 11, 12, 13, 15, 16, 17, 18, 19, 20, 22, 25, 36, 132, 169, 184, 194, 227, 228], "excluded_lines": [], "start_line": 1}}, "classes": {"": {"executed_lines": [], "summary": {"covered_lines": 0, "num_statements": 155, "percent_covered": 0.0, "percent_covered_display": "0", "missing_lines": 155, "excluded_lines": 0, "percent_statements_covered": 0.0, "percent_statements_covered_display": "0"}, "missing_lines": [10, 11, 12, 13, 15, 16, 17, 18, 19, 20, 22, 25, 26, 27, 28, 29, 30, 31, 33, 36, 37, 39, 40, 41, 42, 43, 44, 46, 47, 48, 49, 51, 52, 53, 54, 59, 60, 61, 62, 64, 65, 66, 68, 69, 70, 72, 73, 75, 76, 77, 78, 79, 80, 81, 82, 83, 84, 85, 86, 87, 88, 89, 91, 92, 93, 94, 96, 97, 98, 99, 100, 102, 103, 104, 105, 107, 110, 111, 112, 114, 116, 117, 118, 119, 120, 121, 123, 125, 126, 127, 129, 132, 143, 144, 145, 146, 147, 148, 149, 151, 152, 153, 154, 155, 156, 157, 158, 159, 160, 161, 162, 163, 164, 165, 166, 169, 173, 174, 175, 176, 177, 178, 179, 180, 181, 184, 185, 186, 187, 188, 189, 190, 191, 194, 195, 196, 198, 200, 202, 203, 205, 206, 207, 210, 211, 212, 213, 214, 215, 216, 217, 219, 224, 227, 228], "excluded_lines": [], "start_line": 1}}}, "bridge/collector_tail.py": {"executed_lines": [47, 48, 49, 50, 51, 52, 53, 54, 55, 56, 57, 58, 59, 61, 62, 63, 64, 65, 70, 71, 72, 73, 77, 79, 80, 85, 87, 90, 92, 95, 102, 107, 128, 129, 130, 131, 132, 133, 134, 135, 136, 138, 172, 173, 174, 175, 177, 178, 179, 180, 181, 185, 186, 188, 189, 190, 193, 194, 195, 198, 200, 207, 208, 209, 210, 211, 212, 213, 216, 217, 218, 220, 221, 224, 225, 226, 227, 229, 230, 231, 232, 233, 237, 238, 239, 240, 241, 242, 243, 244, 245, 248, 249, 254, 271, 272, 273, 274, 275, 276, 279, 284, 285, 286, 287, 288, 289, 294, 295, 296, 297, 298, 303, 304, 305, 306, 310, 311, 312, 313, 314, 317, 324, 325, 326, 327, 331, 332, 333, 334, 335, 337, 338, 339, 341, 343, 344, 349, 371, 372, 373, 374, 375, 376, 377, 378, 382, 387, 390, 395, 398, 402, 405, 409, 412, 413, 418, 467, 468, 469, 470, 472, 477, 481, 482, 484, 489, 493, 494, 496, 501, 502, 504, 507, 522, 523, 524, 525, 526, 527, 533, 536, 538, 541, 555, 556, 557, 558, 559, 560, 561, 562, 563, 565, 566, 567, 568, 569, 571, 572, 573, 574, 578, 579, 584, 631, 632, 633, 635, 637, 639, 641, 642, 643, 644, 645, 646, 647, 648, 649, 651, 652, 653, 654, 655, 656, 659, 664, 686, 687, 688, 689, 690, 692, 693, 694, 696, 698, 699, 700, 701, 702, 703, 706, 707, 708, 710, 715, 716, 717, 720, 721, 722, 723, 724, 725, 726, 727, 728, 729, 730, 731, 732, 733, 738, 739, 740, 741, 742, 743, 744, 745, 746, 751, 752, 753, 754, 755, 756, 760, 761, 762, 768, 769, 779, 781, 782, 783, 788, 789, 790, 791, 796, 797, 799, 800, 803, 804, 805, 810, 815, 821, 822, 823, 826, 827, 829, 833, 874], "summary": {"covered_lines": 309, "num_statements": 368, "percent_covered": 83.96739130434783, "percent_covered_display": "84", "missing_lines": 59, "excluded_lines": 0, "percent_statements_covered": 83.96739130434783, "percent_statements_covered_display": "84"}, "missing_lines": [66, 67, 68, 74, 75, 182, 575, 576, 577, 660, 661, 666, 667, 668, 669, 670, 672, 673, 674, 681, 682, 683, 711, 712, 713, 770, 771, 772, 774, 775, 776, 784, 785, 792, 793, 811, 812, 813, 824, 825, 830, 837, 838, 839, 840, 842, 843, 845, 847, 849, 851, 853, 855, 857, 859, 864, 865, 867, 875], "excluded_lines": [], "functions": {"read_u32_le": {"executed_lines": [87], "summary": {"covered_lines": 1, "num_statements": 1, "percent_covered": 100.0, "percent_covered_display": "100", "missing_lines": 0, "excluded_lines": 0, "percent_statements_covered": 100.0, "percent_statements_covered_display": "100"}, "missing_lines": [], "excluded_lines": [], "start_line": 85}, "read_u64_le": {"executed_lines": [92], "summary": {"covered_lines": 1, "num_statements": 1, "percent_covered": 100.0, "percent_covered_display": "100", "missing_lines": 0, "excluded_lines": 0, "percent_statements_covered": 100.0, "percent_statements_covered_display": "100"}, "missing_lines": [], "excluded_lines": [], "start_line": 90}, "crc32": {"executed_lines": [102], "summary": {"covered_lines": 1, "num_statements": 1, "percent_covered": 100.0, "percent_covered_display": "100", "missing_lines": 0, "excluded_lines": 0, "percent_statements_covered": 100.0, "percent_statements_covered_display": "100"}, "missing_lines": [], "excluded_lines": [], "start_line": 95}, "FileTail.__init__": {"executed_lines": [129, 130, 131, 132, 133, 134, 135, 136], "summary": {"covered_lines": 8, "num_statements": 8, "percent_covered": 100.0, "percent_covered_display": "100", "missing_lines": 0, "excluded_lines": 0, "percent_statements_covered": 100.0, "percent_statements_covered_display": "100"}, "missing_lines": [], "excluded_lines": [], "start_line": 128}, "FileTail.tail_once": {"executed_lines": [172, 173, 174, 175, 177, 178, 179, 180, 181, 185, 186, 188, 189, 190, 193, 194, 195, 198, 200, 207, 208, 209, 210, 211, 212, 213, 216, 217, 218, 220, 221, 224, 225, 226, 227, 229, 230, 231, 232, 233, 237, 238, 239, 240, 241, 242, 243, 244, 245, 248, 249], "summary": {"covered_lines": 51, "num_statements": 52, "percent_covered": 98.07692307692308, "percent_covered_display": "98", "missing_lines": 1, "excluded_lines": 0, "percent_statements_covered": 98.07692307692308, "percent_statements_covered_display": "98"}, "missing_lines": [182], "excluded_lines": [], "start_line": 138}, "SessionLogger.__init__": {"executed_lines": [272, 273, 274, 275, 276], "summary": {"covered_lines": 5, "num_statements": 5, "percent_covered": 100.0, "percent_covered_display": "100", "missing_lines": 0, "excluded_lines": 0, "percent_statements_covered": 100.0, "percent_statements_covered_display": "100"}, "missing_lines": [], "excluded_lines": [], "start_line": 271}, "SessionLogger.write_records": {"executed_lines": [284, 285, 286, 287, 288, 289, 294, 295, 296, 297, 298, 303, 304, 305, 306, 310, 311, 312, 313, 314], "summary": {"covered_lines": 20, "num_statements": 20, "percent_covered": 100.0, "percent_covered_display": "100", "missing_lines": 0, "excluded_lines": 0, "percent_statements_covered": 100.0, "percent_statements_covered_display": "100"}, "missing_lines": [], "excluded_lines": [], "start_line": 279}, "SessionLogger.write_events": {"executed_lines": [324, 325, 326, 327, 331, 332, 333, 334, 335], "summary": {"covered_lines": 9, "num_statements": 9, "percent_covered": 100.0, "percent_covered_display": "100", "missing_lines": 0, "excluded_lines": 0, "percent_statements_covered": 100.0, "percent_statements_covered_display": "100"}, "missing_lines": [], "excluded_lines": [], "start_line": 317}, "SessionLogger.row_count": {"executed_lines": [339], "summary": {"covered_lines": 1, "num_statements": 1, "percent_covered": 100.0, "percent_covered_display": "100", "missing_lines": 0, "excluded_lines": 0, "percent_statements_covered": 100.0, "percent_statements_covered_display": "100"}, "missing_lines": [], "excluded_lines": [], "start_line": 338}, "SessionLogger.close": {"executed_lines": [343, 344], "summary": {"covered_lines": 2, "num_statements": 2, "percent_covered": 100.0, "percent_covered_display": "100", "missing_lines": 0, "excluded_lines": 0, "percent_statements_covered": 100.0, "percent_statements_covered_display": "100"}, "missing_lines": [], "excluded_lines": [], "start_line": 341}, "init_db": {"executed_lines": [371, 372, 373, 374, 375, 376, 377, 378, 382, 387, 390, 395, 398, 402, 405, 409, 412, 413], "summary": {"covered_lines": 18, "num_statements": 18, "percent_covered": 100.0, "percent_covered_display": "100", "missing_lines": 0, "excluded_lines": 0, "percent_statements_covered": 100.0, "percent_statements_covered_display": "100"}, "missing_lines": [], "excluded_lines": [], "start_line": 349}, "insert_records_batch": {"executed_lines": [467, 468, 469, 470, 472, 477, 481, 482, 484, 489, 493, 494, 496, 501, 502, 504], "summary": {"covered_lines": 16, "num_statements": 16, "percent_covered": 100.0, "percent_covered_display": "100", "missing_lines": 0, "excluded_lines": 0, "percent_statements_covered": 100.0, "percent_statements_covered_display": "100"}, "missing_lines": [], "excluded_lines": [], "start_line": 418}, "insert_events_batch": {"executed_lines": [522, 523, 524, 525, 526, 527], "summary": {"covered_lines": 6, "num_statements": 6, "percent_covered": 100.0, "percent_covered_display": "100", "missing_lines": 0, "excluded_lines": 0, "percent_statements_covered": 100.0, "percent_statements_covered_display": "100"}, "missing_lines": [], "excluded_lines": [], "start_line": 507}, "flush_parquet_parts": {"executed_lines": [555, 556, 557, 558, 559, 560, 561, 562, 563, 565, 566, 567, 568, 569, 571, 572, 573, 574, 578, 579], "summary": {"covered_lines": 20, "num_statements": 23, "percent_covered": 86.95652173913044, "percent_covered_display": "87", "missing_lines": 3, "excluded_lines": 0, "percent_statements_covered": 86.95652173913044, "percent_statements_covered_display": "87"}, "missing_lines": [575, 576, 577], "excluded_lines": [], "start_line": 541}, "watch_sessions": {"executed_lines": [631, 632, 633, 635, 637, 639, 664, 686, 687, 688, 689, 690, 692, 693, 694, 696, 698, 699, 700, 701, 702, 703, 706, 707, 708, 710, 715, 716, 717, 720, 721, 722, 723, 724, 725, 726, 727, 728, 729, 730, 731, 732, 733, 738, 739, 740, 741, 742, 743, 744, 745, 746, 751, 752, 753, 754, 755, 756, 760, 761, 762, 768, 769, 779, 781, 782, 783, 788, 789, 790, 791, 796, 797, 799, 800, 803, 804, 805, 810, 815, 821, 822, 823, 826, 827, 829], "summary": {"covered_lines": 86, "num_statements": 105, "percent_covered": 81.9047619047619, "percent_covered_display": "82", "missing_lines": 19, "excluded_lines": 0, "percent_statements_covered": 81.9047619047619, "percent_statements_covered_display": "82"}, "missing_lines": [711, 712, 713, 770, 771, 772, 774, 775, 776, 784, 785, 792, 793, 811, 812, 813, 824, 825, 830], "excluded_lines": [], "start_line": 584}, "watch_sessions.scan_once": {"executed_lines": [641, 642, 643, 644, 645, 646, 647, 648, 649, 651, 652, 653, 654, 655, 656, 659], "summary": {"covered_lines": 16, "num_statements": 18, "percent_covered": 88.88888888888889, "percent_covered_display": "89", "missing_lines": 2, "excluded_lines": 0, "percent_statements_covered": 88.88888888888889, "percent_statements_covered_display": "89"}, "missing_lines": [660, 661], "excluded_lines": [], "start_line": 639}, "watch_sessions._finish_session": {"executed_lines": [], "summary": {"covered_lines": 0, "num_statements": 11, "percent_covered": 0.0, "percent_covered_display": "0", "missing_lines": 11, "excluded_lines": 0, "percent_statements_covered": 0.0, "percent_statements_covered_display": "0"}, "missing_lines": [666, 667, 668, 669, 670, 672, 673, 674, 681, 682, 683], "excluded_lines": [], "start_line": 664}, "main": {"executed_lines": [], "summary": {"covered_lines": 0, "num_statements": 17, "percent_covered": 0.0, "percent_covered_display": "0", "missing_lines": 17, "excluded_lines": 0, "percent_statements_covered": 0.0, "percent_statements_covered_display": "0"}, "missing_lines": [837, 838, 839, 840, 842, 843, 845, 847, 849, 851, 853, 855, 857, 859, 864, 865, 867], "excluded_lines": [], "start_line": 833}, "": {"executed_lines": [47, 48, 49, 50, 51, 52, 53, 54, 55, 56, 57, 58, 59, 61, 62, 63, 64, 65, 70, 71, 72, 73, 77, 79, 80, 85, 90, 95, 107, 128, 138, 254, 271, 279, 317, 337, 338, 341, 349, 418, 507, 533, 536, 538, 541, 584, 833, 874], "summary": {"covered_lines": 48, "num_statements": 54, "percent_covered": 88.88888888888889, "percent_covered_display": "89", "missing_lines": 6, "excluded_lines": 0, "percent_statements_covered": 88.88888888888889, "percent_statements_covered_display": "89"}, "missing_lines": [66, 67, 68, 74, 75, 875], "excluded_lines": [], "start_line": 1}}, "classes": {"FileTail": {"executed_lines": [129, 130, 131, 132, 133, 134, 135, 136, 172, 173, 174, 175, 177, 178, 179, 180, 181, 185, 186, 188, 189, 190, 193, 194, 195, 198, 200, 207, 208, 209, 210, 211, 212, 213, 216, 217, 218, 220, 221, 224, 225, 226, 227, 229, 230, 231, 232, 233, 237, 238, 239, 240, 241, 242, 243, 244, 245, 248, 249], "summary": {"covered_lines": 59, "num_statements": 60, "percent_covered": 98.33333333333333, "percent_covered_display": "98", "missing_lines": 1, "excluded_lines": 0, "percent_statements_covered": 98.33333333333333, "percent_statements_covered_display": "98"}, "missing_lines": [182], "excluded_lines": [], "start_line": 107}, "SessionLogger": {"executed_lines": [272, 273, 274, 275, 276, 284, 285, 286, 287, 288, 289, 294, 295, 296, 297, 298, 303, 304, 305, 306, 310, 311, 312, 313, 314, 324, 325, 326, 327, 331, 332, 333, 334, 335, 339, 343, 344], "summary": {"covered_lines": 37, "num_statements": 37, "percent_covered": 100.0, "percent_covered_display": "100", "missing_lines": 0, "excluded_lines": 0, "percent_statements_covered": 100.0, "percent_statements_covered_display": "100"}, "missing_lines": [], "excluded_lines": [], "start_line": 254}, "": {"executed_lines": [47, 48, 49, 50, 51, 52, 53, 54, 55, 56, 57, 58, 59, 61, 62, 63, 64, 65, 70, 71, 72, 73, 77, 79, 80, 85, 87, 90, 92, 95, 102, 107, 128, 138, 254, 271, 279, 317, 337, 338, 341, 349, 371, 372, 373, 374, 375, 376, 377, 378, 382, 387, 390, 395, 398, 402, 405, 409, 412, 413, 418, 467, 468, 469, 470, 472, 477, 481, 482, 484, 489, 493, 494, 496, 501, 502, 504, 507, 522, 523, 524, 525, 526, 527, 533, 536, 538, 541, 555, 556, 557, 558, 559, 560, 561, 562, 563, 565, 566, 567, 568, 569, 571, 572, 573, 574, 578, 579, 584, 631, 632, 633, 635, 637, 639, 641, 642, 643, 644, 645, 646, 647, 648, 649, 651, 652, 653, 654, 655, 656, 659, 664, 686, 687, 688, 689, 690, 692, 693, 694, 696, 698, 699, 700, 701, 702, 703, 706, 707, 708, 710, 715, 716, 717, 720, 721, 722, 723, 724, 725, 726, 727, 728, 729, 730, 731, 732, 733, 738, 739, 740, 741, 742, 743, 744, 745, 746, 751, 752, 753, 754, 755, 756, 760, 761, 762, 768, 769, 779, 781, 782, 783, 788, 789, 790, 791, 796, 797, 799, 800, 803, 804, 805, 810, 815, 821, 822, 823, 826, 827, 829, 833, 874], "summary": {"covered_lines": 213, "num_statements": 271, "percent_covered": 78.59778597785977, "percent_covered_display": "79", "missing_lines": 58, "excluded_lines": 0, "percent_statements_covered": 78.59778597785977, "percent_statements_covered_display": "79"}, "missing_lines": [66, 67, 68, 74, 75, 575, 576, 577, 660, 661, 666, 667, 668, 669, 670, 672, 673, 674, 681, 682, 683, 711, 712, 713, 770, 771, 772, 774, 775, 776, 784, 785, 792, 793, 811, 812, 813, 824, 825, 830, 837, 838, 839, 840, 842, 843, 845, 847, 849, 851, 853, 855, 857, 859, 864, 865, 867, 875], "excluded_lines": [], "start_line": 1}}}, "bridge/db/__init__.py": {"executed_lines": [], "summary": {"covered_lines": 0, "num_statements": 0, "percent_covered": 100.0, "percent_covered_display": "100", "missing_lines": 0, "excluded_lines": 0, "percent_statements_covered": 100.0, "percent_statements_covered_display": "100"}, "missing_lines": [], "excluded_lines": [], "functions": {"": {"executed_lines": [], "summary": {"covered_lines": 0, "num_statements": 0, "percent_covered": 100.0, "percent_covered_display": "100", "missing_lines": 0, "excluded_lines": 0, "percent_statements_covered": 100.0, "percent_statements_covered_display": "100"}, "missing_lines": [], "excluded_lines": [], "start_line": 1}}, "classes": {"": {"executed_lines": [], "summary": {"covered_lines": 0, "num_statements": 0, "percent_covered": 100.0, "percent_covered_display": "100", "missing_lines": 0, "excluded_lines": 0, "percent_statements_covered": 100.0, "percent_statements_covered_display": "100"}, "missing_lines": [], "excluded_lines": [], "start_line": 1}}}, "bridge/db/mssql/__init__.py": {"executed_lines": [], "summary": {"covered_lines": 0, "num_statements": 0, "percent_covered": 100.0, "percent_covered_display": "100", "missing_lines": 0, "excluded_lines": 0, "percent_statements_covered": 100.0, "percent_statements_covered_display": "100"}, "missing_lines": [], "excluded_lines": [], "functions": {"": {"executed_lines": [], "summary": {"covered_lines": 0, "num_statements": 0, "percent_covered": 100.0, "percent_covered_display": "100", "missing_lines": 0, "excluded_lines": 0, "percent_statements_covered": 100.0, "percent_statements_covered_display": "100"}, "missing_lines": [], "excluded_lines": [], "start_line": 1}}, "classes": {"": {"executed_lines": [], "summary": {"covered_lines": 0, "num_statements": 0, "percent_covered": 100.0, "percent_covered_display": "100", "missing_lines": 0, "excluded_lines": 0, "percent_statements_covered": 100.0, "percent_statements_covered_display": "100"}, "missing_lines": [], "excluded_lines": [], "start_line": 1}}}, "bridge/db/mssql/mssql_flush.py": {"executed_lines": [46, 48, 49, 50, 51, 52, 53, 54, 55, 57, 61, 62, 64, 65, 66, 72, 98, 104, 105, 106, 112, 113, 119, 120, 125, 126, 131, 132, 133, 138, 147, 148, 150, 151, 152, 153, 154, 155, 156, 157, 158, 159, 160, 162, 163, 164, 165, 167, 168, 169, 170, 172, 173, 174, 178, 179, 180, 182, 183, 188, 190, 200, 214, 215, 216, 218, 219, 220, 221, 222, 223, 228, 261, 262, 266, 267, 268, 270, 273, 274, 275, 276, 277, 278, 279, 280, 283, 284, 285, 287, 289, 296, 297, 298, 299, 300, 302, 303, 308, 309, 310, 311, 313, 314, 317, 318, 319, 320, 321, 325, 328, 340, 341, 342, 343, 345, 347, 349, 350, 351, 352, 354, 355, 356, 359, 361, 366, 405], "summary": {"covered_lines": 128, "num_statements": 145, "percent_covered": 88.27586206896552, "percent_covered_display": "88", "missing_lines": 17, "excluded_lines": 0, "percent_statements_covered": 88.27586206896552, "percent_statements_covered_display": "88"}, "missing_lines": [63, 176, 322, 323, 348, 357, 358, 367, 377, 382, 387, 393, 394, 396, 401, 402, 406], "excluded_lines": [], "functions": {"_build_row": {"executed_lines": [104, 105, 106, 112, 113, 119, 120, 125, 126, 131, 132, 133], "summary": {"covered_lines": 12, "num_statements": 12, "percent_covered": 100.0, "percent_covered_display": "100", "missing_lines": 0, "excluded_lines": 0, "percent_statements_covered": 100.0, "percent_statements_covered_display": "100"}, "missing_lines": [], "excluded_lines": [], "start_line": 98}, "parse_jsonl": {"executed_lines": [147, 148, 150, 151, 152, 153, 154, 155, 156, 157, 158, 159, 160, 162, 163, 164, 165, 167, 168, 169, 170, 172, 173, 174, 178, 179, 180, 182, 183], "summary": {"covered_lines": 29, "num_statements": 30, "percent_covered": 96.66666666666667, "percent_covered_display": "97", "missing_lines": 1, "excluded_lines": 0, "percent_statements_covered": 96.66666666666667, "percent_statements_covered_display": "97"}, "missing_lines": [176], "excluded_lines": [], "start_line": 138}, "_ensure_session": {"executed_lines": [190], "summary": {"covered_lines": 1, "num_statements": 1, "percent_covered": 100.0, "percent_covered_display": "100", "missing_lines": 0, "excluded_lines": 0, "percent_statements_covered": 100.0, "percent_statements_covered_display": "100"}, "missing_lines": [], "excluded_lines": [], "start_line": 188}, "_bulk_insert": {"executed_lines": [214, 215, 216, 218, 219, 220, 221, 222, 223], "summary": {"covered_lines": 9, "num_statements": 9, "percent_covered": 100.0, "percent_covered_display": "100", "missing_lines": 0, "excluded_lines": 0, "percent_statements_covered": 100.0, "percent_statements_covered_display": "100"}, "missing_lines": [], "excluded_lines": [], "start_line": 200}, "flush_session": {"executed_lines": [261, 262, 266, 267, 268, 270, 273, 274, 275, 276, 277, 278, 279, 280, 283, 284, 285, 287, 289, 296, 297, 298, 299, 300, 302, 303, 308, 309, 310, 311, 313, 314, 317, 318, 319, 320, 321, 325], "summary": {"covered_lines": 38, "num_statements": 40, "percent_covered": 95.0, "percent_covered_display": "95", "missing_lines": 2, "excluded_lines": 0, "percent_statements_covered": 95.0, "percent_statements_covered_display": "95"}, "missing_lines": [322, 323], "excluded_lines": [], "start_line": 228}, "flush_all": {"executed_lines": [340, 341, 342, 343, 345, 347, 349, 350, 351, 352, 354, 355, 356, 359, 361], "summary": {"covered_lines": 15, "num_statements": 18, "percent_covered": 83.33333333333333, "percent_covered_display": "83", "missing_lines": 3, "excluded_lines": 0, "percent_statements_covered": 83.33333333333333, "percent_statements_covered_display": "83"}, "missing_lines": [348, 357, 358], "excluded_lines": [], "start_line": 328}, "main": {"executed_lines": [], "summary": {"covered_lines": 0, "num_statements": 9, "percent_covered": 0.0, "percent_covered_display": "0", "missing_lines": 9, "excluded_lines": 0, "percent_statements_covered": 0.0, "percent_statements_covered_display": "0"}, "missing_lines": [367, 377, 382, 387, 393, 394, 396, 401, 402], "excluded_lines": [], "start_line": 366}, "": {"executed_lines": [46, 48, 49, 50, 51, 52, 53, 54, 55, 57, 61, 62, 64, 65, 66, 72, 98, 138, 188, 200, 228, 328, 366, 405], "summary": {"covered_lines": 24, "num_statements": 26, "percent_covered": 92.3076923076923, "percent_covered_display": "92", "missing_lines": 2, "excluded_lines": 0, "percent_statements_covered": 92.3076923076923, "percent_statements_covered_display": "92"}, "missing_lines": [63, 406], "excluded_lines": [], "start_line": 1}}, "classes": {"": {"executed_lines": [46, 48, 49, 50, 51, 52, 53, 54, 55, 57, 61, 62, 64, 65, 66, 72, 98, 104, 105, 106, 112, 113, 119, 120, 125, 126, 131, 132, 133, 138, 147, 148, 150, 151, 152, 153, 154, 155, 156, 157, 158, 159, 160, 162, 163, 164, 165, 167, 168, 169, 170, 172, 173, 174, 178, 179, 180, 182, 183, 188, 190, 200, 214, 215, 216, 218, 219, 220, 221, 222, 223, 228, 261, 262, 266, 267, 268, 270, 273, 274, 275, 276, 277, 278, 279, 280, 283, 284, 285, 287, 289, 296, 297, 298, 299, 300, 302, 303, 308, 309, 310, 311, 313, 314, 317, 318, 319, 320, 321, 325, 328, 340, 341, 342, 343, 345, 347, 349, 350, 351, 352, 354, 355, 356, 359, 361, 366, 405], "summary": {"covered_lines": 128, "num_statements": 145, "percent_covered": 88.27586206896552, "percent_covered_display": "88", "missing_lines": 17, "excluded_lines": 0, "percent_statements_covered": 88.27586206896552, "percent_statements_covered_display": "88"}, "missing_lines": [63, 176, 322, 323, 348, 357, 358, 367, 377, 382, 387, 393, 394, 396, 401, 402, 406], "excluded_lines": [], "start_line": 1}}}, "bridge/db/sqlite/__init__.py": {"executed_lines": [], "summary": {"covered_lines": 0, "num_statements": 0, "percent_covered": 100.0, "percent_covered_display": "100", "missing_lines": 0, "excluded_lines": 0, "percent_statements_covered": 100.0, "percent_statements_covered_display": "100"}, "missing_lines": [], "excluded_lines": [], "functions": {"": {"executed_lines": [], "summary": {"covered_lines": 0, "num_statements": 0, "percent_covered": 100.0, "percent_covered_display": "100", "missing_lines": 0, "excluded_lines": 0, "percent_statements_covered": 100.0, "percent_statements_covered_display": "100"}, "missing_lines": [], "excluded_lines": [], "start_line": 1}}, "classes": {"": {"executed_lines": [], "summary": {"covered_lines": 0, "num_statements": 0, "percent_covered": 100.0, "percent_covered_display": "100", "missing_lines": 0, "excluded_lines": 0, "percent_statements_covered": 100.0, "percent_statements_covered_display": "100"}, "missing_lines": [], "excluded_lines": [], "start_line": 1}}}, "bridge/db/sqlite/create_readable_views.py": {"executed_lines": [12, 13, 14, 15, 18, 19, 22, 97, 99, 100, 101, 102, 103, 104, 105, 106, 107, 108, 109, 110, 113, 120], "summary": {"covered_lines": 22, "num_statements": 27, "percent_covered": 81.48148148148148, "percent_covered_display": "81", "missing_lines": 5, "excluded_lines": 0, "percent_statements_covered": 81.48148148148148, "percent_statements_covered_display": "81"}, "missing_lines": [114, 115, 116, 117, 121], "excluded_lines": [], "functions": {"create_views": {"executed_lines": [99, 100, 101, 102, 103, 104, 105, 106, 107, 108, 109, 110], "summary": {"covered_lines": 12, "num_statements": 12, "percent_covered": 100.0, "percent_covered_display": "100", "missing_lines": 0, "excluded_lines": 0, "percent_statements_covered": 100.0, "percent_statements_covered_display": "100"}, "missing_lines": [], "excluded_lines": [], "start_line": 97}, "main": {"executed_lines": [], "summary": {"covered_lines": 0, "num_statements": 4, "percent_covered": 0.0, "percent_covered_display": "0", "missing_lines": 4, "excluded_lines": 0, "percent_statements_covered": 0.0, "percent_statements_covered_display": "0"}, "missing_lines": [114, 115, 116, 117], "excluded_lines": [], "start_line": 113}, "": {"executed_lines": [12, 13, 14, 15, 18, 19, 22, 97, 113, 120], "summary": {"covered_lines": 10, "num_statements": 11, "percent_covered": 90.9090909090909, "percent_covered_display": "91", "missing_lines": 1, "excluded_lines": 0, "percent_statements_covered": 90.9090909090909, "percent_statements_covered_display": "91"}, "missing_lines": [121], "excluded_lines": [], "start_line": 1}}, "classes": {"": {"executed_lines": [12, 13, 14, 15, 18, 19, 22, 97, 99, 100, 101, 102, 103, 104, 105, 106, 107, 108, 109, 110, 113, 120], "summary": {"covered_lines": 22, "num_statements": 27, "percent_covered": 81.48148148148148, "percent_covered_display": "81", "missing_lines": 5, "excluded_lines": 0, "percent_statements_covered": 81.48148148148148, "percent_statements_covered_display": "81"}, "missing_lines": [114, 115, 116, 117, 121], "excluded_lines": [], "start_line": 1}}}, "bridge/db/sqlite/export_readable_views.py": {"executed_lines": [11, 12, 13, 14, 15, 18, 19, 20, 22, 24, 33, 34, 35, 36, 37, 38, 41, 42, 43, 44, 45, 46, 47, 50, 59, 60, 61, 62, 63, 65, 66, 67, 68, 71, 72, 73, 74, 75, 76, 77, 78, 79, 80, 81, 82, 84, 85, 86, 87, 89, 90, 91, 92, 93, 96, 111], "summary": {"covered_lines": 56, "num_statements": 68, "percent_covered": 82.3529411764706, "percent_covered_display": "82", "missing_lines": 12, "excluded_lines": 0, "percent_statements_covered": 82.3529411764706, "percent_statements_covered_display": "82"}, "missing_lines": [97, 99, 100, 101, 102, 103, 104, 105, 106, 107, 108, 112], "excluded_lines": [], "functions": {"rows_and_cols": {"executed_lines": [34, 35, 36, 37, 38], "summary": {"covered_lines": 5, "num_statements": 5, "percent_covered": 100.0, "percent_covered_display": "100", "missing_lines": 0, "excluded_lines": 0, "percent_statements_covered": 100.0, "percent_statements_covered_display": "100"}, "missing_lines": [], "excluded_lines": [], "start_line": 33}, "write_csv": {"executed_lines": [42, 43, 44, 45, 46, 47], "summary": {"covered_lines": 6, "num_statements": 6, "percent_covered": 100.0, "percent_covered_display": "100", "missing_lines": 0, "excluded_lines": 0, "percent_statements_covered": 100.0, "percent_statements_covered_display": "100"}, "missing_lines": [], "excluded_lines": [], "start_line": 41}, "try_write_parquet": {"executed_lines": [59, 60, 61, 62, 63, 65, 66, 67, 68], "summary": {"covered_lines": 9, "num_statements": 9, "percent_covered": 100.0, "percent_covered_display": "100", "missing_lines": 0, "excluded_lines": 0, "percent_statements_covered": 100.0, "percent_statements_covered_display": "100"}, "missing_lines": [], "excluded_lines": [], "start_line": 50}, "export_all_views": {"executed_lines": [72, 73, 74, 75, 76, 77, 78, 79, 80, 81, 82, 84, 85, 86, 87, 89, 90, 91, 92, 93], "summary": {"covered_lines": 20, "num_statements": 20, "percent_covered": 100.0, "percent_covered_display": "100", "missing_lines": 0, "excluded_lines": 0, "percent_statements_covered": 100.0, "percent_statements_covered_display": "100"}, "missing_lines": [], "excluded_lines": [], "start_line": 71}, "main": {"executed_lines": [], "summary": {"covered_lines": 0, "num_statements": 11, "percent_covered": 0.0, "percent_covered_display": "0", "missing_lines": 11, "excluded_lines": 0, "percent_statements_covered": 0.0, "percent_statements_covered_display": "0"}, "missing_lines": [97, 99, 100, 101, 102, 103, 104, 105, 106, 107, 108], "excluded_lines": [], "start_line": 96}, "": {"executed_lines": [11, 12, 13, 14, 15, 18, 19, 20, 22, 24, 33, 41, 50, 71, 96, 111], "summary": {"covered_lines": 16, "num_statements": 17, "percent_covered": 94.11764705882354, "percent_covered_display": "94", "missing_lines": 1, "excluded_lines": 0, "percent_statements_covered": 94.11764705882354, "percent_statements_covered_display": "94"}, "missing_lines": [112], "excluded_lines": [], "start_line": 1}}, "classes": {"": {"executed_lines": [11, 12, 13, 14, 15, 18, 19, 20, 22, 24, 33, 34, 35, 36, 37, 38, 41, 42, 43, 44, 45, 46, 47, 50, 59, 60, 61, 62, 63, 65, 66, 67, 68, 71, 72, 73, 74, 75, 76, 77, 78, 79, 80, 81, 82, 84, 85, 86, 87, 89, 90, 91, 92, 93, 96, 111], "summary": {"covered_lines": 56, "num_statements": 68, "percent_covered": 82.3529411764706, "percent_covered_display": "82", "missing_lines": 12, "excluded_lines": 0, "percent_statements_covered": 82.3529411764706, "percent_statements_covered_display": "82"}, "missing_lines": [97, 99, 100, 101, 102, 103, 104, 105, 106, 107, 108, 112], "excluded_lines": [], "start_line": 1}}}, "bridge/db/sqlite/pretty_dump_db.py": {"executed_lines": [12, 13, 14, 15, 16, 17, 20, 21, 24, 31, 32, 33, 34, 35, 36, 39, 45, 46, 47, 48, 49, 52, 53, 54, 55, 56, 57, 58, 61, 62, 63, 64, 68, 71, 72, 73, 74, 75, 76, 77, 78, 79, 80, 81, 82, 84, 85, 86, 87, 88, 89, 92, 109], "summary": {"covered_lines": 53, "num_statements": 72, "percent_covered": 73.61111111111111, "percent_covered_display": "74", "missing_lines": 19, "excluded_lines": 0, "percent_statements_covered": 73.61111111111111, "percent_statements_covered_display": "74"}, "missing_lines": [59, 60, 65, 66, 93, 94, 95, 96, 97, 98, 99, 100, 101, 102, 103, 104, 105, 106, 110], "excluded_lines": [], "functions": {"ns_to_iso": {"executed_lines": [31, 32, 33, 34, 35, 36], "summary": {"covered_lines": 6, "num_statements": 6, "percent_covered": 100.0, "percent_covered_display": "100", "missing_lines": 0, "excluded_lines": 0, "percent_statements_covered": 100.0, "percent_statements_covered_display": "100"}, "missing_lines": [], "excluded_lines": [], "start_line": 24}, "ms_to_iso": {"executed_lines": [45, 46, 47, 48, 49], "summary": {"covered_lines": 5, "num_statements": 5, "percent_covered": 100.0, "percent_covered_display": "100", "missing_lines": 0, "excluded_lines": 0, "percent_statements_covered": 100.0, "percent_statements_covered_display": "100"}, "missing_lines": [], "excluded_lines": [], "start_line": 39}, "pretty_value": {"executed_lines": [53, 54, 55, 56, 57, 58, 61, 62, 63, 64, 68], "summary": {"covered_lines": 11, "num_statements": 15, "percent_covered": 73.33333333333333, "percent_covered_display": "73", "missing_lines": 4, "excluded_lines": 0, "percent_statements_covered": 73.33333333333333, "percent_statements_covered_display": "73"}, "missing_lines": [59, 60, 65, 66], "excluded_lines": [], "start_line": 52}, "dump_table": {"executed_lines": [72, 73, 74, 75, 76, 77, 78, 79, 80, 81, 82, 84, 85, 86, 87, 88, 89], "summary": {"covered_lines": 17, "num_statements": 17, "percent_covered": 100.0, "percent_covered_display": "100", "missing_lines": 0, "excluded_lines": 0, "percent_statements_covered": 100.0, "percent_statements_covered_display": "100"}, "missing_lines": [], "excluded_lines": [], "start_line": 71}, "main": {"executed_lines": [], "summary": {"covered_lines": 0, "num_statements": 14, "percent_covered": 0.0, "percent_covered_display": "0", "missing_lines": 14, "excluded_lines": 0, "percent_statements_covered": 0.0, "percent_statements_covered_display": "0"}, "missing_lines": [93, 94, 95, 96, 97, 98, 99, 100, 101, 102, 103, 104, 105, 106], "excluded_lines": [], "start_line": 92}, "": {"executed_lines": [12, 13, 14, 15, 16, 17, 20, 21, 24, 39, 52, 71, 92, 109], "summary": {"covered_lines": 14, "num_statements": 15, "percent_covered": 93.33333333333333, "percent_covered_display": "93", "missing_lines": 1, "excluded_lines": 0, "percent_statements_covered": 93.33333333333333, "percent_statements_covered_display": "93"}, "missing_lines": [110], "excluded_lines": [], "start_line": 1}}, "classes": {"": {"executed_lines": [12, 13, 14, 15, 16, 17, 20, 21, 24, 31, 32, 33, 34, 35, 36, 39, 45, 46, 47, 48, 49, 52, 53, 54, 55, 56, 57, 58, 61, 62, 63, 64, 68, 71, 72, 73, 74, 75, 76, 77, 78, 79, 80, 81, 82, 84, 85, 86, 87, 88, 89, 92, 109], "summary": {"covered_lines": 53, "num_statements": 72, "percent_covered": 73.61111111111111, "percent_covered_display": "74", "missing_lines": 19, "excluded_lines": 0, "percent_statements_covered": 73.61111111111111, "percent_statements_covered_display": "74"}, "missing_lines": [59, 60, 65, 66, 93, 94, 95, 96, 97, 98, 99, 100, 101, 102, 103, 104, 105, 106, 110], "excluded_lines": [], "start_line": 1}}}, "bridge/db/sqlite/validate_db.py": {"executed_lines": [12, 13, 14, 15, 16, 17, 20, 21, 23, 25, 26, 27, 28, 29, 32, 42, 43, 44, 45, 46, 47, 48, 49, 50, 51, 53, 54, 55, 56, 59, 60, 61, 62, 63, 64, 65, 66, 67, 68, 69, 70, 71, 72, 73, 76, 77, 78, 79, 80, 81, 82, 83, 84, 85, 86, 87, 88, 89, 92, 93, 94, 95, 96, 97, 98, 99, 100, 101, 102, 103, 104, 107, 108, 109, 110, 111, 112, 113, 114, 115, 116, 118, 119, 120, 121, 122, 123, 124, 125, 127, 128, 129, 130, 131, 132, 133, 134, 135, 137, 138, 139, 141, 142, 145], "summary": {"covered_lines": 104, "num_statements": 106, "percent_covered": 98.11320754716981, "percent_covered_display": "98", "missing_lines": 2, "excluded_lines": 0, "percent_statements_covered": 98.11320754716981, "percent_statements_covered_display": "98"}, "missing_lines": [136, 146], "excluded_lines": [], "functions": {"float_ok": {"executed_lines": [25, 26, 27, 28, 29], "summary": {"covered_lines": 5, "num_statements": 5, "percent_covered": 100.0, "percent_covered_display": "100", "missing_lines": 0, "excluded_lines": 0, "percent_statements_covered": 100.0, "percent_statements_covered_display": "100"}, "missing_lines": [], "excluded_lines": [], "start_line": 23}, "validate_headpose": {"executed_lines": [42, 43, 44, 45, 46, 47, 48, 49, 50, 51, 53, 54, 55, 56], "summary": {"covered_lines": 14, "num_statements": 14, "percent_covered": 100.0, "percent_covered_display": "100", "missing_lines": 0, "excluded_lines": 0, "percent_statements_covered": 100.0, "percent_statements_covered_display": "100"}, "missing_lines": [], "excluded_lines": [], "start_line": 32}, "validate_bike": {"executed_lines": [60, 61, 62, 63, 64, 65, 66, 67, 68, 69, 70, 71, 72, 73], "summary": {"covered_lines": 14, "num_statements": 14, "percent_covered": 100.0, "percent_covered_display": "100", "missing_lines": 0, "excluded_lines": 0, "percent_statements_covered": 100.0, "percent_statements_covered_display": "100"}, "missing_lines": [], "excluded_lines": [], "start_line": 59}, "validate_hr": {"executed_lines": [77, 78, 79, 80, 81, 82, 83, 84, 85, 86, 87, 88, 89], "summary": {"covered_lines": 13, "num_statements": 13, "percent_covered": 100.0, "percent_covered_display": "100", "missing_lines": 0, "excluded_lines": 0, "percent_statements_covered": 100.0, "percent_statements_covered_display": "100"}, "missing_lines": [], "excluded_lines": [], "start_line": 76}, "validate_events": {"executed_lines": [93, 94, 95, 96, 97, 98, 99, 100, 101, 102, 103, 104], "summary": {"covered_lines": 12, "num_statements": 12, "percent_covered": 100.0, "percent_covered_display": "100", "missing_lines": 0, "excluded_lines": 0, "percent_statements_covered": 100.0, "percent_statements_covered_display": "100"}, "missing_lines": [], "excluded_lines": [], "start_line": 92}, "main": {"executed_lines": [108, 109, 110, 111, 112, 113, 114, 115, 116, 118, 119, 120, 121, 122, 123, 124, 125, 127, 128, 129, 130, 131, 132, 133, 134, 135, 137, 138, 139, 141, 142], "summary": {"covered_lines": 31, "num_statements": 32, "percent_covered": 96.875, "percent_covered_display": "97", "missing_lines": 1, "excluded_lines": 0, "percent_statements_covered": 96.875, "percent_statements_covered_display": "97"}, "missing_lines": [136], "excluded_lines": [], "start_line": 107}, "": {"executed_lines": [12, 13, 14, 15, 16, 17, 20, 21, 23, 32, 59, 76, 92, 107, 145], "summary": {"covered_lines": 15, "num_statements": 16, "percent_covered": 93.75, "percent_covered_display": "94", "missing_lines": 1, "excluded_lines": 0, "percent_statements_covered": 93.75, "percent_statements_covered_display": "94"}, "missing_lines": [146], "excluded_lines": [], "start_line": 1}}, "classes": {"": {"executed_lines": [12, 13, 14, 15, 16, 17, 20, 21, 23, 25, 26, 27, 28, 29, 32, 42, 43, 44, 45, 46, 47, 48, 49, 50, 51, 53, 54, 55, 56, 59, 60, 61, 62, 63, 64, 65, 66, 67, 68, 69, 70, 71, 72, 73, 76, 77, 78, 79, 80, 81, 82, 83, 84, 85, 86, 87, 88, 89, 92, 93, 94, 95, 96, 97, 98, 99, 100, 101, 102, 103, 104, 107, 108, 109, 110, 111, 112, 113, 114, 115, 116, 118, 119, 120, 121, 122, 123, 124, 125, 127, 128, 129, 130, 131, 132, 133, 134, 135, 137, 138, 139, 141, 142, 145], "summary": {"covered_lines": 104, "num_statements": 106, "percent_covered": 98.11320754716981, "percent_covered_display": "98", "missing_lines": 2, "excluded_lines": 0, "percent_statements_covered": 98.11320754716981, "percent_statements_covered_display": "98"}, "missing_lines": [136, 146], "excluded_lines": [], "start_line": 1}}}, "bridge/mock_wahoo_bridge.py": {"executed_lines": [22, 23, 24, 30, 31, 32, 38, 41, 48, 49, 50, 53, 55], "summary": {"covered_lines": 13, "num_statements": 15, "percent_covered": 86.66666666666667, "percent_covered_display": "87", "missing_lines": 2, "excluded_lines": 2, "percent_statements_covered": 86.66666666666667, "percent_statements_covered_display": "87"}, "missing_lines": [56, 57], "excluded_lines": [34, 36], "functions": {"MockWahooBridge.__init__": {"executed_lines": [49, 50], "summary": {"covered_lines": 2, "num_statements": 2, "percent_covered": 100.0, "percent_covered_display": "100", "missing_lines": 0, "excluded_lines": 0, "percent_statements_covered": 100.0, "percent_statements_covered_display": "100"}, "missing_lines": [], "excluded_lines": [], "start_line": 48}, "": {"executed_lines": [22, 23, 24, 30, 31, 32, 38, 41, 48, 53, 55], "summary": {"covered_lines": 11, "num_statements": 13, "percent_covered": 84.61538461538461, "percent_covered_display": "85", "missing_lines": 2, "excluded_lines": 2, "percent_statements_covered": 84.61538461538461, "percent_statements_covered_display": "85"}, "missing_lines": [56, 57], "excluded_lines": [34, 36], "start_line": 1}}, "classes": {"MockWahooBridge": {"executed_lines": [49, 50], "summary": {"covered_lines": 2, "num_statements": 2, "percent_covered": 100.0, "percent_covered_display": "100", "missing_lines": 0, "excluded_lines": 0, "percent_statements_covered": 100.0, "percent_statements_covered_display": "100"}, "missing_lines": [], "excluded_lines": [], "start_line": 41}, "": {"executed_lines": [22, 23, 24, 30, 31, 32, 38, 41, 48, 53, 55], "summary": {"covered_lines": 11, "num_statements": 13, "percent_covered": 84.61538461538461, "percent_covered_display": "85", "missing_lines": 2, "excluded_lines": 2, "percent_statements_covered": 84.61538461538461, "percent_statements_covered_display": "85"}, "missing_lines": [56, 57], "excluded_lines": [34, 36], "start_line": 1}}}, "bridge/populate_test_data.py": {"executed_lines": [], "summary": {"covered_lines": 0, "num_statements": 37, "percent_covered": 0.0, "percent_covered_display": "0", "missing_lines": 37, "excluded_lines": 0, "percent_statements_covered": 0.0, "percent_statements_covered_display": "0"}, "missing_lines": [6, 7, 8, 9, 12, 13, 14, 15, 17, 20, 21, 24, 25, 28, 29, 32, 33, 34, 35, 37, 38, 40, 41, 42, 43, 45, 46, 47, 48, 50, 52, 55, 56, 57, 58, 61, 62], "excluded_lines": [], "functions": {"make_headpose_rec": {"executed_lines": [], "summary": {"covered_lines": 0, "num_statements": 1, "percent_covered": 0.0, "percent_covered_display": "0", "missing_lines": 1, "excluded_lines": 0, "percent_statements_covered": 0.0, "percent_statements_covered_display": "0"}, "missing_lines": [21], "excluded_lines": [], "start_line": 20}, "make_bike_rec": {"executed_lines": [], "summary": {"covered_lines": 0, "num_statements": 1, "percent_covered": 0.0, "percent_covered_display": "0", "missing_lines": 1, "excluded_lines": 0, "percent_statements_covered": 0.0, "percent_statements_covered_display": "0"}, "missing_lines": [25], "excluded_lines": [], "start_line": 24}, "make_hr_rec": {"executed_lines": [], "summary": {"covered_lines": 0, "num_statements": 1, "percent_covered": 0.0, "percent_covered_display": "0", "missing_lines": 1, "excluded_lines": 0, "percent_statements_covered": 0.0, "percent_statements_covered_display": "0"}, "missing_lines": [29], "excluded_lines": [], "start_line": 28}, "main": {"executed_lines": [], "summary": {"covered_lines": 0, "num_statements": 19, "percent_covered": 0.0, "percent_covered_display": "0", "missing_lines": 19, "excluded_lines": 0, "percent_statements_covered": 0.0, "percent_statements_covered_display": "0"}, "missing_lines": [33, 34, 35, 37, 38, 40, 41, 42, 43, 45, 46, 47, 48, 50, 52, 55, 56, 57, 58], "excluded_lines": [], "start_line": 32}, "": {"executed_lines": [], "summary": {"covered_lines": 0, "num_statements": 15, "percent_covered": 0.0, "percent_covered_display": "0", "missing_lines": 15, "excluded_lines": 0, "percent_statements_covered": 0.0, "percent_statements_covered_display": "0"}, "missing_lines": [6, 7, 8, 9, 12, 13, 14, 15, 17, 20, 24, 28, 32, 61, 62], "excluded_lines": [], "start_line": 1}}, "classes": {"": {"executed_lines": [], "summary": {"covered_lines": 0, "num_statements": 37, "percent_covered": 0.0, "percent_covered_display": "0", "missing_lines": 37, "excluded_lines": 0, "percent_statements_covered": 0.0, "percent_statements_covered_display": "0"}, "missing_lines": [6, 7, 8, 9, 12, 13, 14, 15, 17, 20, 21, 24, 25, 28, 29, 32, 33, 34, 35, 37, 38, 40, 41, 42, 43, 45, 46, 47, 48, 50, 52, 55, 56, 57, 58, 61, 62], "excluded_lines": [], "start_line": 1}}}, "bridge/test_collector.py": {"executed_lines": [], "summary": {"covered_lines": 0, "num_statements": 87, "percent_covered": 0.0, "percent_covered_display": "0", "missing_lines": 87, "excluded_lines": 0, "percent_statements_covered": 0.0, "percent_statements_covered_display": "0"}, "missing_lines": [5, 6, 7, 8, 9, 10, 11, 12, 13, 16, 17, 20, 21, 22, 23, 24, 25, 26, 27, 28, 29, 33, 34, 35, 36, 38, 41, 42, 43, 44, 45, 47, 48, 49, 50, 51, 54, 56, 59, 61, 64, 65, 68, 69, 70, 73, 74, 75, 76, 77, 78, 79, 80, 82, 83, 86, 87, 88, 89, 90, 91, 92, 93, 95, 96, 97, 98, 100, 102, 103, 104, 107, 108, 109, 110, 111, 112, 113, 114, 115, 116, 117, 119, 121, 123, 126, 127], "excluded_lines": [], "functions": {"crc32": {"executed_lines": [], "summary": {"covered_lines": 0, "num_statements": 1, "percent_covered": 0.0, "percent_covered_display": "0", "missing_lines": 1, "excluded_lines": 0, "percent_statements_covered": 0.0, "percent_statements_covered_display": "0"}, "missing_lines": [17], "excluded_lines": [], "start_line": 16}, "build_header": {"executed_lines": [], "summary": {"covered_lines": 0, "num_statements": 14, "percent_covered": 0.0, "percent_covered_display": "0", "missing_lines": 14, "excluded_lines": 0, "percent_statements_covered": 0.0, "percent_statements_covered_display": "0"}, "missing_lines": [21, 22, 23, 24, 25, 26, 27, 28, 29, 33, 34, 35, 36, 38], "excluded_lines": [], "start_line": 20}, "write_vrsf_file": {"executed_lines": [], "summary": {"covered_lines": 0, "num_statements": 9, "percent_covered": 0.0, "percent_covered_display": "0", "missing_lines": 9, "excluded_lines": 0, "percent_statements_covered": 0.0, "percent_statements_covered_display": "0"}, "missing_lines": [42, 43, 44, 45, 47, 48, 49, 50, 51], "excluded_lines": [], "start_line": 41}, "make_headpose_record": {"executed_lines": [], "summary": {"covered_lines": 0, "num_statements": 1, "percent_covered": 0.0, "percent_covered_display": "0", "missing_lines": 1, "excluded_lines": 0, "percent_statements_covered": 0.0, "percent_statements_covered_display": "0"}, "missing_lines": [56], "excluded_lines": [], "start_line": 54}, "make_bike_record": {"executed_lines": [], "summary": {"covered_lines": 0, "num_statements": 1, "percent_covered": 0.0, "percent_covered_display": "0", "missing_lines": 1, "excluded_lines": 0, "percent_statements_covered": 0.0, "percent_statements_covered_display": "0"}, "missing_lines": [61], "excluded_lines": [], "start_line": 59}, "make_hr_record": {"executed_lines": [], "summary": {"covered_lines": 0, "num_statements": 1, "percent_covered": 0.0, "percent_covered_display": "0", "missing_lines": 1, "excluded_lines": 0, "percent_statements_covered": 0.0, "percent_statements_covered_display": "0"}, "missing_lines": [65], "excluded_lines": [], "start_line": 64}, "make_event_record": {"executed_lines": [], "summary": {"covered_lines": 0, "num_statements": 2, "percent_covered": 0.0, "percent_covered_display": "0", "missing_lines": 2, "excluded_lines": 0, "percent_statements_covered": 0.0, "percent_statements_covered_display": "0"}, "missing_lines": [69, 70], "excluded_lines": [], "start_line": 68}, "main": {"executed_lines": [], "summary": {"covered_lines": 0, "num_statements": 39, "percent_covered": 0.0, "percent_covered_display": "0", "missing_lines": 39, "excluded_lines": 0, "percent_statements_covered": 0.0, "percent_statements_covered_display": "0"}, "missing_lines": [74, 75, 76, 77, 78, 79, 80, 82, 83, 86, 87, 88, 89, 90, 91, 92, 93, 95, 96, 97, 98, 100, 102, 103, 104, 107, 108, 109, 110, 111, 112, 113, 114, 115, 116, 117, 119, 121, 123], "excluded_lines": [], "start_line": 73}, "": {"executed_lines": [], "summary": {"covered_lines": 0, "num_statements": 19, "percent_covered": 0.0, "percent_covered_display": "0", "missing_lines": 19, "excluded_lines": 0, "percent_statements_covered": 0.0, "percent_statements_covered_display": "0"}, "missing_lines": [5, 6, 7, 8, 9, 10, 11, 12, 13, 16, 20, 41, 54, 59, 64, 68, 73, 126, 127], "excluded_lines": [], "start_line": 1}}, "classes": {"": {"executed_lines": [], "summary": {"covered_lines": 0, "num_statements": 87, "percent_covered": 0.0, "percent_covered_display": "0", "missing_lines": 87, "excluded_lines": 0, "percent_statements_covered": 0.0, "percent_statements_covered_display": "0"}, "missing_lines": [5, 6, 7, 8, 9, 10, 11, 12, 13, 16, 17, 20, 21, 22, 23, 24, 25, 26, 27, 28, 29, 33, 34, 35, 36, 38, 41, 42, 43, 44, 45, 47, 48, 49, 50, 51, 54, 56, 59, 61, 64, 65, 68, 69, 70, 73, 74, 75, 76, 77, 78, 79, 80, 82, 83, 86, 87, 88, 89, 90, 91, 92, 93, 95, 96, 97, 98, 100, 102, 103, 104, 107, 108, 109, 110, 111, 112, 113, 114, 115, 116, 117, 119, 121, 123, 126, 127], "excluded_lines": [], "start_line": 1}}}, "bridge/wahoo_bridge_gui.py": {"executed_lines": [37, 38, 39, 40, 41, 42, 43, 44, 46, 47, 59, 72, 73, 74, 75, 76, 79, 80, 83, 85, 86, 88, 91, 92, 93, 96, 98, 101, 106, 107, 109, 111, 114, 117, 118, 120, 123, 126, 130, 133, 136, 139, 140, 143, 144, 146, 150, 158, 161, 162, 163, 166, 167, 170, 180, 181, 183, 184, 187, 188, 189, 190, 193, 195, 201, 203, 219, 226, 227, 228, 229, 232, 234, 237, 239, 241, 242, 243, 245, 247, 255, 256, 257, 258, 259, 260, 262, 263, 264, 265, 266, 267, 268, 269, 271, 273, 277, 279, 280, 282, 289, 290, 291, 294, 295, 297, 298, 299, 300, 301, 302, 303, 304, 306, 308, 310, 312, 313, 315, 336, 337, 339, 340, 342, 344, 346, 349, 352, 353, 354, 355, 356, 357, 358, 361, 366, 369, 371, 372, 373, 376, 377, 380, 381, 382, 383, 384, 386, 387, 388, 394, 395, 396, 397, 399, 400, 402, 403, 411, 412, 413, 414, 415, 416, 417, 418, 428, 429, 430, 431, 432, 434, 436, 437, 440, 441, 442, 444, 447, 454, 455, 456, 457, 461, 469, 484, 486, 487, 488, 490, 492, 493, 494, 495, 497, 498, 499, 500, 503, 508, 509, 510, 513, 514, 518, 521, 528, 529, 530, 533, 538, 540, 541, 543, 545, 548], "summary": {"covered_lines": 216, "num_statements": 239, "percent_covered": 90.3765690376569, "percent_covered_display": "90", "missing_lines": 23, "excluded_lines": 0, "percent_statements_covered": 90.3765690376569, "percent_statements_covered_display": "90"}, "missing_lines": [48, 49, 56, 204, 212, 220, 223, 224, 367, 374, 422, 423, 458, 459, 467, 534, 536, 549, 551, 552, 557, 559, 560], "excluded_lines": [], "functions": {"WahooBridgeGUI.__init__": {"executed_lines": [73, 74, 75, 76, 79, 80, 83, 85, 86, 88, 91, 92, 93, 96, 98, 101, 106, 107], "summary": {"covered_lines": 18, "num_statements": 18, "percent_covered": 100.0, "percent_covered_display": "100", "missing_lines": 0, "excluded_lines": 0, "percent_statements_covered": 100.0, "percent_statements_covered_display": "100"}, "missing_lines": [], "excluded_lines": [], "start_line": 72}, "WahooBridgeGUI.create_widgets": {"executed_lines": [111, 114, 117, 118, 120, 123, 126, 130, 133, 136, 139, 140, 143, 144, 146, 150, 158, 161, 162, 163, 166, 167, 170, 180, 181, 183, 184, 187, 188, 189, 190, 193, 195, 201], "summary": {"covered_lines": 34, "num_statements": 34, "percent_covered": 100.0, "percent_covered_display": "100", "missing_lines": 0, "excluded_lines": 0, "percent_statements_covered": 100.0, "percent_statements_covered_display": "100"}, "missing_lines": [], "excluded_lines": [], "start_line": 109}, "WahooBridgeGUI.create_data_row": {"executed_lines": [], "summary": {"covered_lines": 0, "num_statements": 2, "percent_covered": 0.0, "percent_covered_display": "0", "missing_lines": 2, "excluded_lines": 0, "percent_statements_covered": 0.0, "percent_statements_covered_display": "0"}, "missing_lines": [204, 212], "excluded_lines": [], "start_line": 203}, "WahooBridgeGUI.create_value_label": {"executed_lines": [], "summary": {"covered_lines": 0, "num_statements": 3, "percent_covered": 0.0, "percent_covered_display": "0", "missing_lines": 3, "excluded_lines": 0, "percent_statements_covered": 0.0, "percent_statements_covered_display": "0"}, "missing_lines": [220, 223, 224], "excluded_lines": [], "start_line": 219}, "WahooBridgeGUI.update_status": {"executed_lines": [227, 228, 229, 232, 234, 237], "summary": {"covered_lines": 6, "num_statements": 6, "percent_covered": 100.0, "percent_covered_display": "100", "missing_lines": 0, "excluded_lines": 0, "percent_statements_covered": 100.0, "percent_statements_covered_display": "100"}, "missing_lines": [], "excluded_lines": [], "start_line": 226}, "WahooBridgeGUI.update_bridge_status": {"executed_lines": [241, 242, 243, 245], "summary": {"covered_lines": 4, "num_statements": 4, "percent_covered": 100.0, "percent_covered_display": "100", "missing_lines": 0, "excluded_lines": 0, "percent_statements_covered": 100.0, "percent_statements_covered_display": "100"}, "missing_lines": [], "excluded_lines": [], "start_line": 239}, "WahooBridgeGUI._add_trigger": {"executed_lines": [255, 256, 257, 258, 259, 260], "summary": {"covered_lines": 6, "num_statements": 6, "percent_covered": 100.0, "percent_covered_display": "100", "missing_lines": 0, "excluded_lines": 0, "percent_statements_covered": 100.0, "percent_statements_covered_display": "100"}, "missing_lines": [], "excluded_lines": [], "start_line": 247}, "WahooBridgeGUI.update_data": {"executed_lines": [263, 264, 265, 266, 267, 268, 269, 271, 273], "summary": {"covered_lines": 9, "num_statements": 9, "percent_covered": 100.0, "percent_covered_display": "100", "missing_lines": 0, "excluded_lines": 0, "percent_statements_covered": 100.0, "percent_statements_covered_display": "100"}, "missing_lines": [], "excluded_lines": [], "start_line": 262}, "WahooBridgeGUI._on_pan_start": {"executed_lines": [279, 280], "summary": {"covered_lines": 2, "num_statements": 2, "percent_covered": 100.0, "percent_covered_display": "100", "missing_lines": 0, "excluded_lines": 0, "percent_statements_covered": 100.0, "percent_statements_covered_display": "100"}, "missing_lines": [], "excluded_lines": [], "start_line": 277}, "WahooBridgeGUI._on_pan_move": {"executed_lines": [289, 290, 291, 294, 295, 297, 298, 299, 300, 301, 302, 303, 304], "summary": {"covered_lines": 13, "num_statements": 13, "percent_covered": 100.0, "percent_covered_display": "100", "missing_lines": 0, "excluded_lines": 0, "percent_statements_covered": 100.0, "percent_statements_covered_display": "100"}, "missing_lines": [], "excluded_lines": [], "start_line": 282}, "WahooBridgeGUI._on_pan_end": {"executed_lines": [308], "summary": {"covered_lines": 1, "num_statements": 1, "percent_covered": 100.0, "percent_covered_display": "100", "missing_lines": 0, "excluded_lines": 0, "percent_statements_covered": 100.0, "percent_statements_covered_display": "100"}, "missing_lines": [], "excluded_lines": [], "start_line": 306}, "WahooBridgeGUI._on_double_click": {"executed_lines": [312, 313], "summary": {"covered_lines": 2, "num_statements": 2, "percent_covered": 100.0, "percent_covered_display": "100", "missing_lines": 0, "excluded_lines": 0, "percent_statements_covered": 100.0, "percent_statements_covered_display": "100"}, "missing_lines": [], "excluded_lines": [], "start_line": 310}, "WahooBridgeGUI.draw_graph": {"executed_lines": [336, 337, 339, 340, 342, 344, 346, 349, 352, 353, 354, 355, 356, 357, 358, 361, 366, 369, 371, 372, 373, 376, 377, 380, 381, 382, 383, 384, 386, 387, 388, 394, 395, 396, 397, 399, 400, 402, 403, 411, 412, 413, 414, 415, 416, 417, 418, 428, 429, 430, 431, 432, 434, 436, 437, 440, 441, 442, 444, 447, 454, 455, 456, 457], "summary": {"covered_lines": 64, "num_statements": 70, "percent_covered": 91.42857142857143, "percent_covered_display": "91", "missing_lines": 6, "excluded_lines": 0, "percent_statements_covered": 91.42857142857143, "percent_statements_covered_display": "91"}, "missing_lines": [367, 374, 422, 423, 458, 459], "excluded_lines": [], "start_line": 315}, "WahooBridgeGUI.run_websocket": {"executed_lines": [], "summary": {"covered_lines": 0, "num_statements": 1, "percent_covered": 0.0, "percent_covered_display": "0", "missing_lines": 1, "excluded_lines": 0, "percent_statements_covered": 0.0, "percent_statements_covered_display": "0"}, "missing_lines": [467], "excluded_lines": [], "start_line": 461}, "WahooBridgeGUI.websocket_client": {"executed_lines": [484, 486, 487, 488, 490, 492, 493, 494, 495, 497, 498, 499, 500, 503, 508, 509, 510, 513, 514, 518, 521, 528, 529, 530, 533, 538, 540, 541], "summary": {"covered_lines": 28, "num_statements": 30, "percent_covered": 93.33333333333333, "percent_covered_display": "93", "missing_lines": 2, "excluded_lines": 0, "percent_statements_covered": 93.33333333333333, "percent_statements_covered_display": "93"}, "missing_lines": [534, 536], "excluded_lines": [], "start_line": 469}, "WahooBridgeGUI.run": {"executed_lines": [545], "summary": {"covered_lines": 1, "num_statements": 1, "percent_covered": 100.0, "percent_covered_display": "100", "missing_lines": 0, "excluded_lines": 0, "percent_statements_covered": 100.0, "percent_statements_covered_display": "100"}, "missing_lines": [], "excluded_lines": [], "start_line": 543}, "": {"executed_lines": [37, 38, 39, 40, 41, 42, 43, 44, 46, 47, 59, 72, 109, 203, 219, 226, 239, 247, 262, 277, 282, 306, 310, 315, 461, 469, 543, 548], "summary": {"covered_lines": 28, "num_statements": 37, "percent_covered": 75.67567567567568, "percent_covered_display": "76", "missing_lines": 9, "excluded_lines": 0, "percent_statements_covered": 75.67567567567568, "percent_statements_covered_display": "76"}, "missing_lines": [48, 49, 56, 549, 551, 552, 557, 559, 560], "excluded_lines": [], "start_line": 1}}, "classes": {"WahooBridgeGUI": {"executed_lines": [73, 74, 75, 76, 79, 80, 83, 85, 86, 88, 91, 92, 93, 96, 98, 101, 106, 107, 111, 114, 117, 118, 120, 123, 126, 130, 133, 136, 139, 140, 143, 144, 146, 150, 158, 161, 162, 163, 166, 167, 170, 180, 181, 183, 184, 187, 188, 189, 190, 193, 195, 201, 227, 228, 229, 232, 234, 237, 241, 242, 243, 245, 255, 256, 257, 258, 259, 260, 263, 264, 265, 266, 267, 268, 269, 271, 273, 279, 280, 289, 290, 291, 294, 295, 297, 298, 299, 300, 301, 302, 303, 304, 308, 312, 313, 336, 337, 339, 340, 342, 344, 346, 349, 352, 353, 354, 355, 356, 357, 358, 361, 366, 369, 371, 372, 373, 376, 377, 380, 381, 382, 383, 384, 386, 387, 388, 394, 395, 396, 397, 399, 400, 402, 403, 411, 412, 413, 414, 415, 416, 417, 418, 428, 429, 430, 431, 432, 434, 436, 437, 440, 441, 442, 444, 447, 454, 455, 456, 457, 484, 486, 487, 488, 490, 492, 493, 494, 495, 497, 498, 499, 500, 503, 508, 509, 510, 513, 514, 518, 521, 528, 529, 530, 533, 538, 540, 541, 545], "summary": {"covered_lines": 188, "num_statements": 202, "percent_covered": 93.06930693069307, "percent_covered_display": "93", "missing_lines": 14, "excluded_lines": 0, "percent_statements_covered": 93.06930693069307, "percent_statements_covered_display": "93"}, "missing_lines": [204, 212, 220, 223, 224, 367, 374, 422, 423, 458, 459, 467, 534, 536], "excluded_lines": [], "start_line": 59}, "": {"executed_lines": [37, 38, 39, 40, 41, 42, 43, 44, 46, 47, 59, 72, 109, 203, 219, 226, 239, 247, 262, 277, 282, 306, 310, 315, 461, 469, 543, 548], "summary": {"covered_lines": 28, "num_statements": 37, "percent_covered": 75.67567567567568, "percent_covered_display": "76", "missing_lines": 9, "excluded_lines": 0, "percent_statements_covered": 75.67567567567568, "percent_statements_covered_display": "76"}, "missing_lines": [48, 49, 56, 549, 551, 552, 557, 559, 560], "excluded_lines": [], "start_line": 1}}}, "live_analytics/__init__.py": {"executed_lines": [], "summary": {"covered_lines": 0, "num_statements": 0, "percent_covered": 100.0, "percent_covered_display": "100", "missing_lines": 0, "excluded_lines": 0, "percent_statements_covered": 100.0, "percent_statements_covered_display": "100"}, "missing_lines": [], "excluded_lines": [], "functions": {"": {"executed_lines": [], "summary": {"covered_lines": 0, "num_statements": 0, "percent_covered": 100.0, "percent_covered_display": "100", "missing_lines": 0, "excluded_lines": 0, "percent_statements_covered": 100.0, "percent_statements_covered_display": "100"}, "missing_lines": [], "excluded_lines": [], "start_line": 1}}, "classes": {"": {"executed_lines": [], "summary": {"covered_lines": 0, "num_statements": 0, "percent_covered": 100.0, "percent_covered_display": "100", "missing_lines": 0, "excluded_lines": 0, "percent_statements_covered": 100.0, "percent_statements_covered_display": "100"}, "missing_lines": [], "excluded_lines": [], "start_line": 1}}}, "live_analytics/app/__init__.py": {"executed_lines": [], "summary": {"covered_lines": 0, "num_statements": 0, "percent_covered": 100.0, "percent_covered_display": "100", "missing_lines": 0, "excluded_lines": 0, "percent_statements_covered": 100.0, "percent_statements_covered_display": "100"}, "missing_lines": [], "excluded_lines": [], "functions": {"": {"executed_lines": [], "summary": {"covered_lines": 0, "num_statements": 0, "percent_covered": 100.0, "percent_covered_display": "100", "missing_lines": 0, "excluded_lines": 0, "percent_statements_covered": 100.0, "percent_statements_covered_display": "100"}, "missing_lines": [], "excluded_lines": [], "start_line": 1}}, "classes": {"": {"executed_lines": [], "summary": {"covered_lines": 0, "num_statements": 0, "percent_covered": 100.0, "percent_covered_display": "100", "missing_lines": 0, "excluded_lines": 0, "percent_statements_covered": 100.0, "percent_statements_covered_display": "100"}, "missing_lines": [], "excluded_lines": [], "start_line": 1}}}, "live_analytics/app/api_sessions.py": {"executed_lines": [15, 17, 19, 21, 22, 23, 24, 26, 28, 31, 42, 43, 44, 45, 46, 47, 48, 49, 52, 53, 62, 63, 71, 72, 79, 80, 81, 82, 83, 84, 85, 91, 92, 99, 100, 101, 102, 105, 106, 107, 108, 109, 112, 113, 115, 116, 117, 119, 120, 122, 123, 124, 125, 132, 133, 134], "summary": {"covered_lines": 56, "num_statements": 57, "percent_covered": 98.24561403508773, "percent_covered_display": "98", "missing_lines": 1, "excluded_lines": 0, "percent_statements_covered": 98.24561403508773, "percent_statements_covered_display": "98"}, "missing_lines": [121], "excluded_lines": [], "functions": {"_db_health_check": {"executed_lines": [42, 43, 44, 45, 46, 47, 48, 49], "summary": {"covered_lines": 8, "num_statements": 8, "percent_covered": 100.0, "percent_covered_display": "100", "missing_lines": 0, "excluded_lines": 0, "percent_statements_covered": 100.0, "percent_statements_covered_display": "100"}, "missing_lines": [], "excluded_lines": [], "start_line": 31}, "healthz": {"executed_lines": [62, 63], "summary": {"covered_lines": 2, "num_statements": 2, "percent_covered": 100.0, "percent_covered_display": "100", "missing_lines": 0, "excluded_lines": 0, "percent_statements_covered": 100.0, "percent_statements_covered_display": "100"}, "missing_lines": [], "excluded_lines": [], "start_line": 53}, "sessions_list": {"executed_lines": [79, 80, 81, 82, 83, 84, 85], "summary": {"covered_lines": 7, "num_statements": 7, "perce
[...]
_line": 528}, "TestWsIngestUncoveredBranches.test_increment_failure_does_not_abort_ingest": {"executed_lines": [550, 551, 553, 554, 555, 559, 561, 562], "summary": {"covered_lines": 8, "num_statements": 8, "percent_covered": 100.0, "percent_covered_display": "100", "missing_lines": 0, "excluded_lines": 0, "percent_statements_covered": 100.0, "percent_statements_covered_display": "100"}, "missing_lines": [], "excluded_lines": [], "start_line": 548}, "TestWsIngestUncoveredBranches.test_ingest_exception_drops_batch_and_logs": {"executed_lines": [568, 569, 570, 572, 573, 574, 576, 580, 582], "summary": {"covered_lines": 9, "num_statements": 9, "percent_covered": 100.0, "percent_covered_display": "100", "missing_lines": 0, "excluded_lines": 0, "percent_statements_covered": 100.0, "percent_statements_covered_display": "100"}, "missing_lines": [], "excluded_lines": [], "start_line": 566}, "TestAnomalyDetector.test_available_reflects_sklearn_presence": {"executed_lines": [593, 594, 595], "summary": {"covered_lines": 3, "num_statements": 3, "percent_covered": 100.0, "percent_covered_display": "100", "missing_lines": 0, "excluded_lines": 0, "percent_statements_covered": 100.0, "percent_statements_covered_display": "100"}, "missing_lines": [], "excluded_lines": [], "start_line": 592}, "TestAnomalyDetector.test_predict_before_fit_returns_safe_default": {"executed_lines": [599, 600, 601, 602, 603, 604, 605], "summary": {"covered_lines": 7, "num_statements": 7, "percent_covered": 100.0, "percent_covered_display": "100", "missing_lines": 0, "excluded_lines": 0, "percent_statements_covered": 100.0, "percent_statements_covered_display": "100"}, "missing_lines": [], "excluded_lines": [], "start_line": 597}, "TestAnomalyDetector.test_fit_disabled_without_sklearn": {"executed_lines": [609, 610, 611, 612, 613, 615, 616, 617], "summary": {"covered_lines": 8, "num_statements": 8, "percent_covered": 100.0, "percent_covered_display": "100", "missing_lines": 0, "excluded_lines": 0, "percent_statements_covered": 100.0, "percent_statements_covered_display": "100"}, "missing_lines": [], "excluded_lines": [], "start_line": 607}, "TestAnomalyDetector.test_predict_when_not_fitted_and_sklearn_absent": {"executed_lines": [622, 623, 624, 625, 626, 627, 628], "summary": {"covered_lines": 7, "num_statements": 7, "percent_covered": 100.0, "percent_covered_display": "100", "missing_lines": 0, "excluded_lines": 0, "percent_statements_covered": 100.0, "percent_statements_covered_display": "100"}, "missing_lines": [], "excluded_lines": [], "start_line": 620}, "TestAnomalyDetector.test_fit_and_predict_with_sklearn": {"executed_lines": [], "summary": {"covered_lines": 0, "num_statements": 14, "percent_covered": 0.0, "percent_covered_display": "0", "missing_lines": 14, "excluded_lines": 0, "percent_statements_covered": 0.0, "percent_statements_covered_display": "0"}, "missing_lines": [636, 637, 639, 640, 641, 642, 643, 646, 647, 648, 649, 652, 653, 654], "excluded_lines": [], "start_line": 634}, "TestSimulateRideArgparse._get_parser": {"executed_lines": [666, 667, 671, 672, 673], "summary": {"covered_lines": 5, "num_statements": 5, "percent_covered": 100.0, "percent_covered_display": "100", "missing_lines": 0, "excluded_lines": 0, "percent_statements_covered": 100.0, "percent_statements_covered_display": "100"}, "missing_lines": [], "excluded_lines": [], "start_line": 664}, "TestSimulateRideArgparse.test_default_duration_is_45": {"executed_lines": [676, 677, 678, 679, 680, 681, 682], "summary": {"covered_lines": 7, "num_statements": 7, "percent_covered": 100.0, "percent_covered_display": "100", "missing_lines": 0, "excluded_lines": 0, "percent_statements_covered": 100.0, "percent_statements_covered_display": "100"}, "missing_lines": [], "excluded_lines": [], "start_line": 675}, "TestSimulateRideArgparse.test_default_hz_is_20": {"executed_lines": [685, 686, 687, 688, 689, 690], "summary": {"covered_lines": 6, "num_statements": 6, "percent_covered": 100.0, "percent_covered_display": "100", "missing_lines": 0, "excluded_lines": 0, "percent_statements_covered": 100.0, "percent_statements_covered_display": "100"}, "missing_lines": [], "excluded_lines": [], "start_line": 684}, "TestSimulateRideArgparse.test_custom_duration_and_hz": {"executed_lines": [693, 694, 695, 696, 697, 698, 699], "summary": {"covered_lines": 7, "num_statements": 7, "percent_covered": 100.0, "percent_covered_display": "100", "missing_lines": 0, "excluded_lines": 0, "percent_statements_covered": 100.0, "percent_statements_covered_display": "100"}, "missing_lines": [], "excluded_lines": [], "start_line": 692}, "TestSimulateRideArgparse.test_simulate_called_with_parsed_args": {"executed_lines": [703, 704, 708, 713, 714, 715], "summary": {"covered_lines": 6, "num_statements": 6, "percent_covered": 100.0, "percent_covered_display": "100", "missing_lines": 0, "excluded_lines": 0, "percent_statements_covered": 100.0, "percent_statements_covered_display": "100"}, "missing_lines": [], "excluded_lines": [], "start_line": 701}, "TestDependencyDeclarations.test_httpx_is_importable": {"executed_lines": [728], "summary": {"covered_lines": 1, "num_statements": 1, "percent_covered": 100.0, "percent_covered_display": "100", "missing_lines": 0, "excluded_lines": 0, "percent_statements_covered": 100.0, "percent_statements_covered_display": "100"}, "missing_lines": [], "excluded_lines": [], "start_line": 726}, "TestDependencyDeclarations.test_pytest_cov_is_importable": {"executed_lines": [732], "summary": {"covered_lines": 1, "num_statements": 1, "percent_covered": 100.0, "percent_covered_display": "100", "missing_lines": 0, "excluded_lines": 0, "percent_statements_covered": 100.0, "percent_statements_covered_display": "100"}, "missing_lines": [], "excluded_lines": [], "start_line": 730}, "TestDependencyDeclarations.test_httpx_in_requirements_txt": {"executed_lines": [735, 736, 737], "summary": {"covered_lines": 3, "num_statements": 3, "percent_covered": 100.0, "percent_covered_display": "100", "missing_lines": 0, "excluded_lines": 0, "percent_statements_covered": 100.0, "percent_statements_covered_display": "100"}, "missing_lines": [], "excluded_lines": [], "start_line": 734}, "TestDependencyDeclarations.test_pytest_cov_in_requirements_txt": {"executed_lines": [740, 741, 742], "summary": {"covered_lines": 3, "num_statements": 3, "percent_covered": 100.0, "percent_covered_display": "100", "missing_lines": 0, "excluded_lines": 0, "percent_statements_covered": 100.0, "percent_statements_covered_display": "100"}, "missing_lines": [], "excluded_lines": [], "start_line": 739}, "TestDependencyDeclarations.test_httpx_in_pyproject_toml": {"executed_lines": [745, 746, 747], "summary": {"covered_lines": 3, "num_statements": 3, "percent_covered": 100.0, "percent_covered_display": "100", "missing_lines": 0, "excluded_lines": 0, "percent_statements_covered": 100.0, "percent_statements_covered_display": "100"}, "missing_lines": [], "excluded_lines": [], "start_line": 744}, "TestDependencyDeclarations.test_asyncio_mode_auto_in_pyproject": {"executed_lines": [751, 752, 753], "summary": {"covered_lines": 3, "num_statements": 3, "percent_covered": 100.0, "percent_covered_display": "100", "missing_lines": 0, "excluded_lines": 0, "percent_statements_covered": 100.0, "percent_statements_covered_display": "100"}, "missing_lines": [], "excluded_lines": [], "start_line": 749}, "": {"executed_lines": [18, 20, 21, 22, 23, 24, 25, 27, 33, 54, 57, 71, 85, 102, 103, 104, 106, 107, 108, 109, 112, 113, 116, 117, 129, 132, 140, 144, 156, 168, 171, 180, 187, 190, 200, 212, 215, 223, 229, 233, 237, 244, 251, 260, 272, 284, 295, 299, 305, 315, 321, 331, 355, 378, 381, 389, 395, 413, 436, 464, 489, 506, 528, 548, 566, 589, 592, 597, 607, 620, 630, 634, 661, 664, 675, 684, 692, 701, 722, 726, 730, 734, 739, 744, 749], "summary": {"covered_lines": 85, "num_statements": 85, "percent_covered": 100.0, "percent_covered_display": "100", "missing_lines": 0, "excluded_lines": 0, "percent_statements_covered": 100.0, "percent_statements_covered_display": "100"}, "missing_lines": [], "excluded_lines": [], "start_line": 1}}, "classes": {"TestEnsureDirsCreatesDbParent": {"executed_lines": [59, 60, 61, 65, 66, 67, 68, 69, 73, 74, 75, 77, 78, 79, 80, 81, 83, 87, 88, 89, 90, 91, 92, 93], "summary": {"covered_lines": 24, "num_statements": 24, "percent_covered": 100.0, "percent_covered_display": "100", "missing_lines": 0, "excluded_lines": 0, "percent_statements_covered": 100.0, "percent_statements_covered_display": "100"}, "missing_lines": [], "excluded_lines": [], "start_line": 54}, "TestHealthzDbProbe": {"executed_lines": [133, 134, 135, 136, 137, 138, 141, 142, 148, 149, 150, 151, 152, 153, 154, 158, 159, 160, 161], "summary": {"covered_lines": 19, "num_statements": 19, "percent_covered": 100.0, "percent_covered_display": "100", "missing_lines": 0, "excluded_lines": 0, "percent_statements_covered": 100.0, "percent_statements_covered_display": "100"}, "missing_lines": [], "excluded_lines": [], "start_line": 129}, "TestListParticipantsErrorHandling": {"executed_lines": [172, 176, 177, 178, 181, 182, 183, 184], "summary": {"covered_lines": 8, "num_statements": 8, "percent_covered": 100.0, "percent_covered_display": "100", "missing_lines": 0, "excluded_lines": 0, "percent_statements_covered": 100.0, "percent_statements_covered_display": "100"}, "missing_lines": [], "excluded_lines": [], "start_line": 168}, "TestGetAllAnswersErrorHandling": {"executed_lines": [191, 192, 196, 197, 198, 202, 203, 204, 205, 206, 207, 208, 209], "summary": {"covered_lines": 13, "num_statements": 13, "percent_covered": 100.0, "percent_covered_display": "100", "missing_lines": 0, "excluded_lines": 0, "percent_statements_covered": 100.0, "percent_statements_covered_display": "100"}, "missing_lines": [], "excluded_lines": [], "start_line": 187}, "TestQuestionnaireMiscErrorPaths": {"executed_lines": [216, 220, 221, 225, 226, 227, 230, 231, 234, 235, 238, 242, 245, 249, 252, 253, 257, 258, 261, 262, 266, 270, 273, 274, 278, 282, 285, 286, 287, 288], "summary": {"covered_lines": 30, "num_statements": 30, "percent_covered": 100.0, "percent_covered_display": "100", "missing_lines": 0, "excluded_lines": 0, "percent_statements_covered": 100.0, "percent_statements_covered_display": "100"}, "missing_lines": [], "excluded_lines": [], "start_line": 212}, "TestApiSessionsErrorBranches": {"executed_lines": [301, 302, 303, 307, 308, 312, 313, 316, 317, 318, 319, 323, 324, 325, 326, 327, 328, 329, 333, 334, 336, 337, 338, 339, 343, 344, 345, 346, 347, 348, 349, 350, 352, 353, 357, 358, 360, 361, 362, 363, 365, 366, 367, 368, 370, 371], "summary": {"covered_lines": 46, "num_statements": 46, "percent_covered": 100.0, "percent_covered_display": "100", "missing_lines": 0, "excluded_lines": 0, "percent_statements_covered": 100.0, "percent_statements_covered_display": "100"}, "missing_lines": [], "excluded_lines": [], "start_line": 295}, "TestWsIngestUncoveredBranches": {"executed_lines": [382, 383, 384, 385, 386, 387, 390, 397, 398, 400, 401, 403, 404, 408, 409, 410, 411, 415, 416, 417, 419, 420, 422, 424, 425, 428, 429, 430, 431, 432, 438, 439, 440, 441, 443, 444, 445, 448, 450, 451, 453, 454, 458, 461, 462, 466, 467, 468, 469, 471, 472, 473, 475, 476, 479, 480, 481, 482, 484, 487, 491, 493, 494, 495, 496, 497, 499, 501, 502, 508, 509, 511, 512, 513, 514, 517, 520, 524, 530, 531, 533, 534, 535, 539, 541, 543, 544, 550, 551, 553, 554, 555, 559, 561, 562, 568, 569, 570, 572, 573, 574, 576, 580, 582], "summary": {"covered_lines": 104, "num_statements": 104, "percent_covered": 100.0, "percent_covered_display": "100", "missing_lines": 0, "excluded_lines": 2, "percent_statements_covered": 100.0, "percent_statements_covered_display": "100"}, "missing_lines": [], "excluded_lines": [406, 426], "start_line": 378}, "TestAnomalyDetector": {"executed_lines": [593, 594, 595, 599, 600, 601, 602, 603, 604, 605, 609, 610, 611, 612, 613, 615, 616, 617, 622, 623, 624, 625, 626, 627, 628], "summary": {"covered_lines": 25, "num_statements": 39, "percent_covered": 64.1025641025641, "percent_covered_display": "64", "missing_lines": 14, "excluded_lines": 0, "percent_statements_covered": 64.1025641025641, "percent_statements_covered_display": "64"}, "missing_lines": [636, 637, 639, 640, 641, 642, 643, 646, 647, 648, 649, 652, 653, 654], "excluded_lines": [], "start_line": 589}, "TestSimulateRideArgparse": {"executed_lines": [666, 667, 671, 672, 673, 676, 677, 678, 679, 680, 681, 682, 685, 686, 687, 688, 689, 690, 693, 694, 695, 696, 697, 698, 699, 703, 704, 708, 713, 714, 715], "summary": {"covered_lines": 31, "num_statements": 31, "percent_covered": 100.0, "percent_covered_display": "100", "missing_lines": 0, "excluded_lines": 0, "percent_statements_covered": 100.0, "percent_statements_covered_display": "100"}, "missing_lines": [], "excluded_lines": [], "start_line": 661}, "TestDependencyDeclarations": {"executed_lines": [728, 732, 735, 736, 737, 740, 741, 742, 745, 746, 747, 751, 752, 753], "summary": {"covered_lines": 14, "num_statements": 14, "percent_covered": 100.0, "percent_covered_display": "100", "missing_lines": 0, "excluded_lines": 0, "percent_statements_covered": 100.0, "percent_statements_covered_display": "100"}, "missing_lines": [], "excluded_lines": [], "start_line": 722}, "": {"executed_lines": [18, 20, 21, 22, 23, 24, 25, 27, 33, 34, 35, 46, 47, 54, 57, 71, 85, 102, 103, 104, 106, 107, 108, 109, 112, 113, 116, 117, 119, 120, 124, 125, 126, 129, 132, 140, 144, 156, 168, 171, 180, 187, 190, 200, 212, 215, 223, 229, 233, 237, 244, 251, 260, 272, 284, 295, 299, 305, 315, 321, 331, 355, 378, 381, 389, 395, 413, 436, 464, 489, 506, 528, 548, 566, 589, 592, 597, 607, 620, 630, 634, 661, 664, 675, 684, 692, 701, 722, 726, 730, 734, 739, 744, 749], "summary": {"covered_lines": 94, "num_statements": 94, "percent_covered": 100.0, "percent_covered_display": "100", "missing_lines": 0, "excluded_lines": 0, "percent_statements_covered": 100.0, "percent_statements_covered_display": "100"}, "missing_lines": [], "excluded_lines": [], "start_line": 1}}}, "live_analytics/tests/test_startup.py": {"executed_lines": [9, 11, 12, 13, 14, 15, 17, 19, 25, 41, 42, 44, 45, 52, 54, 55, 61, 62, 64, 65, 72, 81, 82, 84, 85, 92, 94, 95, 96, 97, 98, 104, 113, 115, 116, 121, 131, 133, 136, 137, 138, 139, 140, 141, 142, 143, 144, 145, 146, 147, 148, 149, 156, 158, 159, 160, 161, 162, 164, 166, 167, 170, 172, 173, 174, 175, 178, 179, 180, 182, 183, 188, 190, 191, 192, 193], "summary": {"covered_lines": 76, "num_statements": 76, "percent_covered": 100.0, "percent_covered_display": "100", "missing_lines": 0, "excluded_lines": 0, "percent_statements_covered": 100.0, "percent_statements_covered_display": "100"}, "missing_lines": [], "excluded_lines": [], "functions": {"test_required_package_importable": {"executed_lines": [44, 45], "summary": {"covered_lines": 2, "num_statements": 2, "percent_covered": 100.0, "percent_covered_display": "100", "missing_lines": 0, "excluded_lines": 0, "percent_statements_covered": 100.0, "percent_statements_covered_display": "100"}, "missing_lines": [], "excluded_lines": [], "start_line": 42}, "test_requirements_txt_declares_streamlit": {"executed_lines": [54, 55], "summary": {"covered_lines": 2, "num_statements": 2, "percent_covered": 100.0, "percent_covered_display": "100", "missing_lines": 0, "excluded_lines": 0, "percent_statements_covered": 100.0, "percent_statements_covered_display": "100"}, "missing_lines": [], "excluded_lines": [], "start_line": 52}, "test_requirements_txt_declares_package": {"executed_lines": [64, 65], "summary": {"covered_lines": 2, "num_statements": 2, "percent_covered": 100.0, "percent_covered_display": "100", "missing_lines": 0, "excluded_lines": 0, "percent_statements_covered": 100.0, "percent_statements_covered_display": "100"}, "missing_lines": [], "excluded_lines": [], "start_line": 62}, "test_internal_module_importable": {"executed_lines": [84, 85], "summary": {"covered_lines": 2, "num_statements": 2, "percent_covered": 100.0, "percent_covered_display": "100", "missing_lines": 0, "excluded_lines": 0, "percent_statements_covered": 100.0, "percent_statements_covered_display": "100"}, "missing_lines": [], "excluded_lines": [], "start_line": 82}, "test_init_db_idempotent": {"executed_lines": [94, 95, 96, 97, 98, 104], "summary": {"covered_lines": 6, "num_statements": 6, "percent_covered": 100.0, "percent_covered_display": "100", "missing_lines": 0, "excluded_lines": 0, "percent_statements_covered": 100.0, "percent_statements_covered_display": "100"}, "missing_lines": [], "excluded_lines": [], "start_line": 92}, "test_preflight_exits_zero": {"executed_lines": [115, 116, 121], "summary": {"covered_lines": 3, "num_statements": 3, "percent_covered": 100.0, "percent_covered_display": "100", "missing_lines": 0, "excluded_lines": 0, "percent_statements_covered": 100.0, "percent_statements_covered_display": "100"}, "missing_lines": [], "excluded_lines": [], "start_line": 113}, "test_system_check_no_duplicate_names": {"executed_lines": [133, 136, 137, 138, 139, 140, 141, 142, 143, 144, 145, 146, 147, 148, 149], "summary": {"covered_lines": 15, "num_statements": 15, "percent_covered": 100.0, "percent_covered_display": "100", "missing_lines": 0, "excluded_lines": 0, "percent_statements_covered": 100.0, "percent_statements_covered_display": "100"}, "missing_lines": [], "excluded_lines": [], "start_line": 131}, "test_rotate_log_creates_backup": {"executed_lines": [158, 159, 160, 161, 162, 164, 166, 167], "summary": {"covered_lines": 8, "num_statements": 8, "percent_covered": 100.0, "percent_covered_display": "100", "missing_lines": 0, "excluded_lines": 0, "percent_statements_covered": 100.0, "percent_statements_covered_display": "100"}, "missing_lines": [], "excluded_lines": [], "start_line": 156}, "test_rotate_log_max_backups": {"executed_lines": [172, 173, 174, 175, 178, 179, 180, 182, 183], "summary": {"covered_lines": 9, "num_statements": 9, "percent_covered": 100.0, "percent_covered_display": "100", "missing_lines": 0, "excluded_lines": 0, "percent_statements_covered": 100.0, "percent_statements_covered_display": "100"}, "missing_lines": [], "excluded_lines": [], "start_line": 170}, "test_rotate_log_noop_when_absent": {"executed_lines": [190, 191, 192, 193], "summary": {"covered_lines": 4, "num_statements": 4, "percent_covered": 100.0, "percent_covered_display": "100", "missing_lines": 0, "excluded_lines": 0, "percent_statements_covered": 100.0, "percent_statements_covered_display": "100"}, "missing_lines": [], "excluded_lines": [], "start_line": 188}, "": {"executed_lines": [9, 11, 12, 13, 14, 15, 17, 19, 25, 41, 42, 52, 61, 62, 72, 81, 82, 92, 113, 131, 156, 170, 188], "summary": {"covered_lines": 23, "num_statements": 23, "percent_covered": 100.0, "percent_covered_display": "100", "missing_lines": 0, "excluded_lines": 0, "percent_statements_covered": 100.0, "percent_statements_covered_display": "100"}, "missing_lines": [], "excluded_lines": [], "start_line": 1}}, "classes": {"": {"executed_lines": [9, 11, 12, 13, 14, 15, 17, 19, 25, 41, 42, 44, 45, 52, 54, 55, 61, 62, 64, 65, 72, 81, 82, 84, 85, 92, 94, 95, 96, 97, 98, 104, 113, 115, 116, 121, 131, 133, 136, 137, 138, 139, 140, 141, 142, 143, 144, 145, 146, 147, 148, 149, 156, 158, 159, 160, 161, 162, 164, 166, 167, 170, 172, 173, 174, 175, 178, 179, 180, 182, 183, 188, 190, 191, 192, 193], "summary": {"covered_lines": 76, "num_statements": 76, "percent_covered": 100.0, "percent_covered_display": "100", "missing_lines": 0, "excluded_lines": 0, "percent_statements_covered": 100.0, "percent_statements_covered_display": "100"}, "missing_lines": [], "excluded_lines": [], "start_line": 1}}}}, "totals": {"covered_lines": 7345, "num_statements": 8381, "percent_covered": 87.63870659825797, "percent_covered_display": "88", "missing_lines": 1036, "excluded_lines": 9, "percent_statements_covered": 87.63870659825797, "percent_statements_covered_display": "88"}}